extDB2: Version: 70
extDB2: https://github.com/Torndeco/extDB2
extDB2: Windows Version
Message: All development for extDB2 is done on a Linux Dedicated Server
Message: If you would like to Donate to extDB2 Development
Message: https://www.paypal.com/cgi-bin/webscr?cmd=_s-xclick&hosted_button_id=2SUEFTGABTAM2
Message: Also leave a message if there is any particular feature you would like to see added.
Message: Thanks for all the people that have donated.
Message: Torndeco: 20/02/15


extDB2: Found extdb-conf.ini
extDB2: Detected 12 Cores, Setting up 6 Worker Threads


[16:50:56:144885 --5:00] [Thread 1172] extDB2: Database Type: MySQL
[16:50:56:146982 --5:00] [Thread 1172] extDB2: Database Session Pool Started
[16:50:56:148473 --5:00] [Thread 1172] extDB2: SQL_CUSTOM_V2: Loading Template Filename: C:\Servers\ExileServer\@exileserver\extDB\sql_custom_v2\exile.ini
[16:50:56:148610 --5:00] [Thread 1172] extDB2: SQL_CUSTOM_V2: Version 12 Detected, Latest Version 12 Available
[17:03:41:063652 --5:00] [Thread 9532] extDB2: SQL_CUSTOM_V2: Incorrect Number of Inputs: Input String loadVehToVG:1:40
[17:03:41:063683 --5:00] [Thread 9532] extDB2: SQL_CUSTOM_V2: Incorrect Number of Inputs: Expected: 0 Got: 2
[17:03:49:841388 --5:00] [Thread 12508] extDB2: SQL_CUSTOM_V2: Incorrect Number of Inputs: Input String loadVehFromVG:40
[17:03:49:841417 --5:00] [Thread 12508] extDB2: SQL_CUSTOM_V2: Incorrect Number of Inputs: Expected: 0 Got: 1
[17:36:16:354407 --5:00] [Thread 1172] extDB2: Stopping ...
