[19:40:07:660467 --5:00] [Thread 17608] [Turtle] Setha was killed by an NPC!
[19:43:14:291588 --5:00] [Thread 14068] [Turtle] Setha commited suicide!
[19:53:56:292931 --5:00] [Thread 17864] [Turtle] Setha was killed by an NPC!
[19:56:35:278138 --5:00] [Thread 17624] [Turtle] Setha commited suicide!
[19:59:07:737872 --5:00] [Thread 17608] [Turtle] Setha commited suicide!
[20:02:39:572218 --5:00] [Thread 17864] [Turtle] Setha commited suicide!
[20:17:45:910263 --5:00] [Thread 17624] [Turtle] Agony was killed by an NPC!
[20:22:34:867149 --5:00] [Thread 12804] [Turtle] Setha died for an unknown reason!
[21:21:39:409585 --5:00] [Thread 10292] [Turtle] Setha commited suicide!
[21:48:51:339066 --5:00] [Thread 14068] [Turtle] Setha was killed by an NPC!
[21:59:43:925158 --5:00] [Thread 12804] [Turtle] Setha was killed by an NPC!
[23:21:43:529752 --5:00] [Thread 15580] [Turtle] Agony commited suicide!
[23:48:48:872538 --5:00] [Thread 16700] [Turtle] Setha was killed by an NPC!
[00:30:04:244495 --5:00] [Thread 10360] [Turtle] Setha commited suicide!
[00:35:57:505709 --5:00] [Thread 17276] [Turtle] Setha commited suicide!
[05:03:34:828636 --5:00] [Thread 15116] [Turtle] Setha commited suicide!
[17:58:09:980395 --5:00] [Thread 1924] [Turtle] Agony was killed by an NPC!
[17:58:29:302954 --5:00] [Thread 18232] [Turtle] Setha was killed by an NPC!
[18:03:30:172328 --5:00] [Thread 1924] [Turtle] Setha was killed by an NPC!
[18:05:22:824655 --5:00] [Thread 9412] [Turtle] Agony was killed by an NPC!
[18:09:22:594620 --5:00] [Thread 1924] [Turtle] Setha was killed by an NPC!
[18:10:26:738096 --5:00] [Thread 14564] [Turtle] Setha commited suicide!
[18:20:21:650228 --5:00] [Thread 18232] [Turtle] Agony commited suicide!
[18:22:21:095184 --5:00] [Thread 8148] [Turtle] Setha died for an unknown reason!
[18:22:22:595835 --5:00] [Thread 18232] [Turtle] Agony died for an unknown reason!
