[18:28:04:363541 --5:00] [Thread 9620] PLAYER: ( 76561198065499194 ) R Alpha 1-2:1 ([Turtle] Agony) REMOTE PURCHASED VEHICLE Fox_Charger_Apocalypse FOR 11500 POPTABS | PLAYER TOTAL MONEY: 448210
[19:01:43:815537 --5:00] [Thread 17608] PLAYER: ( 76561198092065367 ) R Alpha 1-3:1 ([Turtle] Setha) REMOTE PURCHASED ITEM B_Bergen_tna_F FOR 500 POPTABS | PLAYER TOTAL MONEY: 99500
[19:01:55:543896 --5:00] [Thread 17608] PLAYER: ( 76561198092065367 ) R Alpha 1-3:1 ([Turtle] Setha) REMOTE PURCHASED ITEM U_O_T_FullGhillie_tna_F FOR 500 POPTABS | PLAYER TOTAL MONEY: 99000
[19:02:41:308592 --5:00] [Thread 17608] PLAYER: ( 76561198092065367 ) R Alpha 1-3:1 ([Turtle] Setha) REMOTE PURCHASED ITEM V_PlateCarrierGL_tna_F FOR 500 POPTABS | PLAYER TOTAL MONEY: 98500
[19:13:50:544199 --5:00] [Thread 12804] PLAYER: ( 76561198092065367 ) R Alpha 1-3:1 ([Turtle] Setha) REMOTE PURCHASED ITEM Exile_Item_EnergyDrink FOR 40 POPTABS | PLAYER TOTAL MONEY: 98460
[19:13:51:405498 --5:00] [Thread 14068] PLAYER: ( 76561198092065367 ) R Alpha 1-3:1 ([Turtle] Setha) REMOTE PURCHASED ITEM Exile_Item_EnergyDrink FOR 40 POPTABS | PLAYER TOTAL MONEY: 98420
[19:13:51:750268 --5:00] [Thread 12804] PLAYER: ( 76561198092065367 ) R Alpha 1-3:1 ([Turtle] Setha) REMOTE PURCHASED ITEM Exile_Item_EnergyDrink FOR 40 POPTABS | PLAYER TOTAL MONEY: 98380
[19:13:52:120392 --5:00] [Thread 14068] PLAYER: ( 76561198092065367 ) R Alpha 1-3:1 ([Turtle] Setha) REMOTE PURCHASED ITEM Exile_Item_EnergyDrink FOR 40 POPTABS | PLAYER TOTAL MONEY: 98340
[19:13:52:488527 --5:00] [Thread 12804] PLAYER: ( 76561198092065367 ) R Alpha 1-3:1 ([Turtle] Setha) REMOTE PURCHASED ITEM Exile_Item_EnergyDrink FOR 40 POPTABS | PLAYER TOTAL MONEY: 98300
[19:13:52:859694 --5:00] [Thread 14068] PLAYER: ( 76561198092065367 ) R Alpha 1-3:1 ([Turtle] Setha) REMOTE PURCHASED ITEM Exile_Item_EnergyDrink FOR 40 POPTABS | PLAYER TOTAL MONEY: 98260
[19:14:05:645509 --5:00] [Thread 12804] PLAYER: ( 76561198092065367 ) R Alpha 1-3:1 ([Turtle] Setha) REMOTE PURCHASED ITEM Exile_Item_Noodles FOR 14 POPTABS | PLAYER TOTAL MONEY: 98246
[19:14:06:256791 --5:00] [Thread 14068] PLAYER: ( 76561198092065367 ) R Alpha 1-3:1 ([Turtle] Setha) REMOTE PURCHASED ITEM Exile_Item_Noodles FOR 14 POPTABS | PLAYER TOTAL MONEY: 98232
[19:14:06:607421 --5:00] [Thread 12804] PLAYER: ( 76561198092065367 ) R Alpha 1-3:1 ([Turtle] Setha) REMOTE PURCHASED ITEM Exile_Item_Noodles FOR 14 POPTABS | PLAYER TOTAL MONEY: 98218
[19:14:06:956051 --5:00] [Thread 14068] PLAYER: ( 76561198092065367 ) R Alpha 1-3:1 ([Turtle] Setha) REMOTE PURCHASED ITEM Exile_Item_Noodles FOR 14 POPTABS | PLAYER TOTAL MONEY: 98204
[19:14:07:283260 --5:00] [Thread 12804] PLAYER: ( 76561198092065367 ) R Alpha 1-3:1 ([Turtle] Setha) REMOTE PURCHASED ITEM Exile_Item_Noodles FOR 14 POPTABS | PLAYER TOTAL MONEY: 98190
[19:14:07:631005 --5:00] [Thread 14068] PLAYER: ( 76561198092065367 ) R Alpha 1-3:1 ([Turtle] Setha) REMOTE PURCHASED ITEM Exile_Item_Noodles FOR 14 POPTABS | PLAYER TOTAL MONEY: 98176
[19:14:08:019623 --5:00] [Thread 12804] PLAYER: ( 76561198092065367 ) R Alpha 1-3:1 ([Turtle] Setha) REMOTE PURCHASED ITEM Exile_Item_Noodles FOR 14 POPTABS | PLAYER TOTAL MONEY: 98162
[19:14:08:348750 --5:00] [Thread 14068] PLAYER: ( 76561198092065367 ) R Alpha 1-3:1 ([Turtle] Setha) REMOTE PURCHASED ITEM Exile_Item_Noodles FOR 14 POPTABS | PLAYER TOTAL MONEY: 98148
[19:14:08:716915 --5:00] [Thread 12804] PLAYER: ( 76561198092065367 ) R Alpha 1-3:1 ([Turtle] Setha) REMOTE PURCHASED ITEM Exile_Item_Noodles FOR 14 POPTABS | PLAYER TOTAL MONEY: 98134
[19:15:14:526716 --5:00] [Thread 14068] PLAYER: ( 76561198092065367 ) R Alpha 1-3:1 ([Turtle] Setha) REMOTE PURCHASED ITEM Exile_Item_Vishpirin FOR 300 POPTABS | PLAYER TOTAL MONEY: 97834
[19:15:16:264284 --5:00] [Thread 17608] PLAYER: ( 76561198092065367 ) R Alpha 1-3:1 ([Turtle] Setha) REMOTE PURCHASED ITEM Exile_Item_Vishpirin FOR 300 POPTABS | PLAYER TOTAL MONEY: 97534
[19:15:17:704656 --5:00] [Thread 17608] PLAYER: ( 76561198092065367 ) R Alpha 1-3:1 ([Turtle] Setha) REMOTE PURCHASED ITEM Exile_Item_Vishpirin FOR 300 POPTABS | PLAYER TOTAL MONEY: 97234
[19:15:18:615940 --5:00] [Thread 17864] PLAYER: ( 76561198092065367 ) R Alpha 1-3:1 ([Turtle] Setha) REMOTE PURCHASED ITEM Exile_Item_Vishpirin FOR 300 POPTABS | PLAYER TOTAL MONEY: 96934
[19:16:58:568023 --5:00] [Thread 17864] PLAYER: ( 76561198092065367 ) R Alpha 1-3:1 ([Turtle] Setha) REMOTE PURCHASED ITEM srifle_LRR_tna_F FOR 1000 POPTABS | PLAYER TOTAL MONEY: 95934
[19:17:47:488772 --5:00] [Thread 17608] PLAYER: ( 76561198092065367 ) R Alpha 1-3:1 ([Turtle] Setha) REMOTE SOLD ITEM srifle_LRR_tna_F FOR 500 POPTABS AND 50 RESPECT | PLAYER TOTAL MONEY: 96434
[19:18:53:505239 --5:00] [Thread 12804] PLAYER: ( 76561198092065367 ) R Alpha 1-3:1 ([Turtle] Setha) REMOTE PURCHASED ITEM srifle_GM6_ghex_F FOR 1000 POPTABS | PLAYER TOTAL MONEY: 95434
[19:20:03:601484 --5:00] [Thread 17608] PLAYER: ( 76561198092065367 ) R Alpha 1-3:1 ([Turtle] Setha) REMOTE PURCHASED ITEM optic_LRPS_tna_F FOR 300 POPTABS | PLAYER TOTAL MONEY: 95134
[19:20:12:060079 --5:00] [Thread 12804] PLAYER: ( 76561198092065367 ) R Alpha 1-3:1 ([Turtle] Setha) REMOTE PURCHASED ITEM Exile_Magazine_10Rnd_127x99_m107 FOR 50 POPTABS | PLAYER TOTAL MONEY: 95084
[19:20:59:682476 --5:00] [Thread 17608] PLAYER: ( 76561198092065367 ) R Alpha 1-3:1 ([Turtle] Setha) REMOTE PURCHASED ITEM Exile_Magazine_10Rnd_127x99_m107 FOR 50 POPTABS | PLAYER TOTAL MONEY: 95034
[19:24:07:778653 --5:00] [Thread 17864] PLAYER: ( 76561198092065367 ) R Alpha 1-3:1 ([Turtle] Setha) REMOTE PURCHASED VEHICLE B_T_LSV_01_unarmed_F FOR 35000 POPTABS | PLAYER TOTAL MONEY: 10034
[19:24:24:196677 --5:00] [Thread 17864] PLAYER: ( 76561198065499194 ) R Alpha 1-4:1 ([Turtle] Agony) REMOTE PURCHASED VEHICLE RHS_C130J FOR 2e+006 POPTABS | PLAYER TOTAL MONEY: 448210
[19:32:10:259229 --5:00] [Thread 17864] PLAYER: ( 76561198092065367 ) R Alpha 1-3:1 ([Turtle] Setha) REMOTE PURCHASED VEHICLE O_T_LSV_02_unarmed_F FOR 35000 POPTABS | PLAYER TOTAL MONEY: 75034
[19:32:21:123992 --5:00] [Thread 12804] PLAYER: ( 76561198065499194 ) R Alpha 1-4:1 ([Turtle] Agony) REMOTE PURCHASED ITEM Exile_Item_Noodles FOR 14 POPTABS | PLAYER TOTAL MONEY: 448196
[19:32:22:231530 --5:00] [Thread 17608] PLAYER: ( 76561198065499194 ) R Alpha 1-4:1 ([Turtle] Agony) REMOTE PURCHASED ITEM Exile_Item_Noodles FOR 14 POPTABS | PLAYER TOTAL MONEY: 448182
[19:32:23:122051 --5:00] [Thread 12804] PLAYER: ( 76561198065499194 ) R Alpha 1-4:1 ([Turtle] Agony) REMOTE PURCHASED ITEM Exile_Item_Noodles FOR 14 POPTABS | PLAYER TOTAL MONEY: 448168
[19:32:25:159402 --5:00] [Thread 17608] PLAYER: ( 76561198065499194 ) R Alpha 1-4:1 ([Turtle] Agony) REMOTE PURCHASED ITEM Exile_Item_ChocolateMilk FOR 25 POPTABS | PLAYER TOTAL MONEY: 448143
[19:32:25:721848 --5:00] [Thread 12804] PLAYER: ( 76561198065499194 ) R Alpha 1-4:1 ([Turtle] Agony) REMOTE PURCHASED ITEM Exile_Item_ChocolateMilk FOR 25 POPTABS | PLAYER TOTAL MONEY: 448118
[19:32:39:906201 --5:00] [Thread 17608] PLAYER: ( 76561198092065367 ) R Alpha 1-3:1 ([Turtle] Setha) REMOTE PURCHASED ITEM Exile_Item_DuctTape FOR 300 POPTABS | PLAYER TOTAL MONEY: 74734
[19:32:40:207855 --5:00] [Thread 17624] PLAYER: ( 76561198092065367 ) R Alpha 1-3:1 ([Turtle] Setha) REMOTE PURCHASED ITEM Exile_Item_DuctTape FOR 300 POPTABS | PLAYER TOTAL MONEY: 74434
[19:32:40:923826 --5:00] [Thread 17624] PLAYER: ( 76561198092065367 ) R Alpha 1-3:1 ([Turtle] Setha) REMOTE PURCHASED ITEM Exile_Item_DuctTape FOR 300 POPTABS | PLAYER TOTAL MONEY: 74134
[19:32:42:598525 --5:00] [Thread 17864] PLAYER: ( 76561198092065367 ) R Alpha 1-3:1 ([Turtle] Setha) REMOTE PURCHASED ITEM Exile_Item_DuctTape FOR 300 POPTABS | PLAYER TOTAL MONEY: 73834
[21:45:02:758810 --5:00] [Thread 17608] PLAYER: ( 76561198092065367 ) R Alpha 1-3:1 ([Turtle] Setha) REMOTE PURCHASED VEHICLE Fox_MEGABUS FOR 80000 POPTABS | PLAYER TOTAL MONEY: 0
[22:17:13:240369 --5:00] [Thread 10292] PLAYER: ( 76561198092065367 ) R Alpha 1-3:1 ([Turtle] Setha) REMOTE PURCHASED VEHICLE rhsusf_m113_usarmy_M240 FOR 85000 POPTABS | PLAYER TOTAL MONEY: 15000
[22:25:13:008270 --5:00] [Thread 10292] PLAYER: ( 76561198092065367 ) R Alpha 1-3:1 ([Turtle] Setha) REMOTE SOLD ITEM: Exile_Container_SupplyBox (ID# <null>) with Cargo ["Exile_Item_GloriousKnakworst","Exile_Item_GloriousKnakworst","Exile_Item_GloriousKnakworst","Exile_Item_PlasticBottleFreshWater","Exile_Item_PlasticBottleFreshWater","Exile_Item_Beer","Exile_Item_Beer","Exile_Item_Beer","Exile_Item_Beer","Exile_Item_Beer","Exile_Item_Beer","Exile_Item_BaseCameraKit","Exile_Item_InstaDoc","Exile_Item_InstaDoc","Exile_Item_Matches","Exile_Item_CookingPot","Exile_Item_MetalPole","Exile_Item_LightBulb","Exile_Item_FuelCanisterEmpty","Exile_Item_WoodPlank","Exile_Item_WoodFloorKit","Exile_Item_WoodFloorKit","Exile_Item_WoodWindowKit","Exile_Item_WoodDoorwayKit","Exile_Item_WoodFloorPortKit","Exile_Item_Codelock","Exile_Item_Cement","Exile_Item_Cement","Exile_Item_Cement","Exile_Item_Cement","Exile_Item_Cement","Exile_Item_Sand","Exile_Item_Sand","Exile_Item_Sand","Exile_Item_Sand","Exile_Item_Sand","Exile_Item_Sand","Exile_Item_Sand","Exile_Item_Sand","Exile_Item_MetalWire","Exile_Item_MetalWire","Exile_Item_MetalWire","Exile_Item_MetalWire","Exile_Item_WaterCanisterEmpty","Exile_Item_MetalScrews","Exile_Item_MetalScrews","Exile_Item_MetalScrews","Exile_Melee_Axe"] FOR 6543 POPTABS AND 654.3 RESPECT | PLAYER TOTAL MONEY: 21533
[22:27:08:957636 --5:00] [Thread 10292] PLAYER: ( 76561198092065367 ) R Alpha 1-3:1 ([Turtle] Setha) REMOTE PURCHASED VEHICLE rhsusf_M1117_W FOR 35700 POPTABS | PLAYER TOTAL MONEY: 485833
[22:32:41:305172 --5:00] [Thread 10292] PLAYER: ( 76561198092065367 ) R Alpha 1-3:1 ([Turtle] Setha) REMOTE PURCHASED VEHICLE Fox_CobraR_Police FOR 145000 POPTABS | PLAYER TOTAL MONEY: 340633
[22:37:08:257157 --5:00] [Thread 10292] PLAYER: ( 76561198092065367 ) R Alpha 1-3:1 ([Turtle] Setha) REMOTE PURCHASED VEHICLE rhsusf_rg33_m2_d FOR 60000 POPTABS | PLAYER TOTAL MONEY: 280633
[22:51:37:470347 --5:00] [Thread 10292] PLAYER: ( 76561198092065367 ) R Alpha 1-3:1 ([Turtle] Setha) REMOTE PURCHASED VEHICLE B_Heli_Light_01_armed_F FOR 90000 POPTABS | PLAYER TOTAL MONEY: 189233
[23:39:58:811079 --5:00] [Thread 16700] PLAYER: ( 76561198092065367 ) R Alpha 1-5:1 ([Turtle] Setha) REMOTE PURCHASED ITEM B_Bergen_mcamo_F FOR 500 POPTABS | PLAYER TOTAL MONEY: 188733
[23:40:35:047109 --5:00] [Thread 4896] PLAYER: ( 76561198092065367 ) R Alpha 1-5:1 ([Turtle] Setha) REMOTE PURCHASED ITEM V_PlateCarrierGL_tna_F FOR 500 POPTABS | PLAYER TOTAL MONEY: 188233
[23:40:54:224869 --5:00] [Thread 16700] PLAYER: ( 76561198092065367 ) R Alpha 1-5:1 ([Turtle] Setha) REMOTE PURCHASED ITEM H_HelmetLeaderO_ghex_F FOR 500 POPTABS | PLAYER TOTAL MONEY: 187733
[23:41:08:493069 --5:00] [Thread 4896] PLAYER: ( 76561198092065367 ) R Alpha 1-5:1 ([Turtle] Setha) REMOTE PURCHASED ITEM U_O_T_FullGhillie_tna_F FOR 500 POPTABS | PLAYER TOTAL MONEY: 187233
[23:41:27:099428 --5:00] [Thread 16700] PLAYER: ( 76561198092065367 ) R Alpha 1-5:1 ([Turtle] Setha) REMOTE PURCHASED ITEM Exile_Item_Vishpirin FOR 300 POPTABS | PLAYER TOTAL MONEY: 186933
[23:41:28:534049 --5:00] [Thread 11604] PLAYER: ( 76561198092065367 ) R Alpha 1-5:1 ([Turtle] Setha) REMOTE PURCHASED ITEM Exile_Item_Vishpirin FOR 300 POPTABS | PLAYER TOTAL MONEY: 186633
[23:41:29:729385 --5:00] [Thread 15580] PLAYER: ( 76561198092065367 ) R Alpha 1-5:1 ([Turtle] Setha) REMOTE PURCHASED ITEM Exile_Item_Vishpirin FOR 300 POPTABS | PLAYER TOTAL MONEY: 186333
[23:41:30:812525 --5:00] [Thread 2200] PLAYER: ( 76561198092065367 ) R Alpha 1-5:1 ([Turtle] Setha) REMOTE PURCHASED ITEM Exile_Item_Vishpirin FOR 300 POPTABS | PLAYER TOTAL MONEY: 186033
[00:25:52:938277 --5:00] [Thread 6808] PLAYER: ( 76561198092065367 ) R Alpha 1-4:1 ([Turtle] Setha) REMOTE PURCHASED VEHICLE C_Plane_Civil_01_F FOR 20000 POPTABS | PLAYER TOTAL MONEY: 0
[00:58:10:573380 --5:00] [Thread 11608] PLAYER: ( 76561198092065367 ) R raerar:2 ([Turtle] Setha) REMOTE PURCHASED ITEM B_Bergen_mcamo_F FOR 500 POPTABS | PLAYER TOTAL MONEY: 99500
[00:58:30:537081 --5:00] [Thread 6808] PLAYER: ( 76561198092065367 ) R raerar:2 ([Turtle] Setha) REMOTE PURCHASED ITEM srifle_DMR_07_blk_F FOR 1000 POPTABS | PLAYER TOTAL MONEY: 98500
[00:58:39:636208 --5:00] [Thread 16036] PLAYER: ( 76561198092065367 ) R raerar:2 ([Turtle] Setha) REMOTE PURCHASED ITEM 20Rnd_650x39_Cased_Mag_F FOR 20 POPTABS | PLAYER TOTAL MONEY: 98480
[01:14:28:628184 --5:00] [Thread 11608] PLAYER: ( 76561198092065367 ) R raerar:2 ([Turtle] Setha) REMOTE PURCHASED VEHICLE RHS_UH60M_d FOR 60000 POPTABS | PLAYER TOTAL MONEY: 38480
[01:35:25:449760 --5:00] [Thread 6808] PLAYER: ( 76561198065499194 ) R raerar:1 ([Turtle] Agony) REMOTE PURCHASED ITEM Exile_Item_MountainDupe FOR 30 POPTABS | PLAYER TOTAL MONEY: 470
[01:35:26:555381 --5:00] [Thread 16036] PLAYER: ( 76561198065499194 ) R raerar:1 ([Turtle] Agony) REMOTE PURCHASED ITEM Exile_Item_MountainDupe FOR 30 POPTABS | PLAYER TOTAL MONEY: 440
[01:35:29:605325 --5:00] [Thread 6808] PLAYER: ( 76561198065499194 ) R raerar:1 ([Turtle] Agony) REMOTE PURCHASED ITEM Exile_Item_Noodles FOR 14 POPTABS | PLAYER TOTAL MONEY: 426
[02:57:10:713644 --5:00] [Thread 1624] PLAYER: ( 76561198065499194 ) R Alpha 1-3:1 ([Turtle] Agony) REMOTE PURCHASED ITEM B_ViperHarness_blk_F FOR 150 POPTABS | PLAYER TOTAL MONEY: 276
[02:57:23:480759 --5:00] [Thread 1624] PLAYER: ( 76561198065499194 ) R Alpha 1-3:1 ([Turtle] Agony) REMOTE PURCHASED ITEM TRYK_SUITS_BLK_F FOR 150 POPTABS | PLAYER TOTAL MONEY: 126
[04:07:44:939087 --5:00] [Thread 7000] PLAYER: ( 76561198092065367 ) R Alpha 1-4:1 ([Turtle] Setha) REMOTE PURCHASED VEHICLE ffaa_ea_hercules_camo FOR 1.35e+006 POPTABS | PLAYER TOTAL MONEY: 88480
[04:36:07:619117 --5:00] [Thread 10588] PLAYER: ( 76561198092065367 ) R Alpha 1-4:1 ([Turtle] Setha) REMOTE PURCHASED ITEM TRYK_H_Helmet_Winter FOR 100 POPTABS | PLAYER TOTAL MONEY: 88380
[04:36:58:683080 --5:00] [Thread 6736] PLAYER: ( 76561198092065367 ) R Alpha 1-4:1 ([Turtle] Setha) REMOTE PURCHASED ITEM V_PlateCarrierSpec_tna_F FOR 500 POPTABS | PLAYER TOTAL MONEY: 87880
[04:37:59:270037 --5:00] [Thread 10588] PLAYER: ( 76561198092065367 ) R Alpha 1-4:1 ([Turtle] Setha) REMOTE PURCHASED ITEM TRYK_H_ghillie_over_green FOR 200 POPTABS | PLAYER TOTAL MONEY: 87680
[04:39:01:900059 --5:00] [Thread 6736] PLAYER: ( 76561198092065367 ) R Alpha 1-4:1 ([Turtle] Setha) REMOTE PURCHASED ITEM U_O_T_FullGhillie_tna_F FOR 500 POPTABS | PLAYER TOTAL MONEY: 87180
[04:42:18:548299 --5:00] [Thread 10588] PLAYER: ( 76561198092065367 ) R Alpha 1-4:1 ([Turtle] Setha) REMOTE PURCHASED ITEM Exile_Weapon_m107 FOR 2000 POPTABS | PLAYER TOTAL MONEY: 85180
[04:42:50:673063 --5:00] [Thread 6736] PLAYER: ( 76561198092065367 ) R Alpha 1-4:1 ([Turtle] Setha) REMOTE PURCHASED ITEM Exile_Item_EnergyDrink FOR 40 POPTABS | PLAYER TOTAL MONEY: 85140
[04:42:51:096762 --5:00] [Thread 5708] PLAYER: ( 76561198092065367 ) R Alpha 1-4:1 ([Turtle] Setha) REMOTE PURCHASED ITEM Exile_Item_EnergyDrink FOR 40 POPTABS | PLAYER TOTAL MONEY: 85100
[04:42:51:378970 --5:00] [Thread 6760] PLAYER: ( 76561198092065367 ) R Alpha 1-4:1 ([Turtle] Setha) REMOTE PURCHASED ITEM Exile_Item_EnergyDrink FOR 40 POPTABS | PLAYER TOTAL MONEY: 85060
[04:42:52:718378 --5:00] [Thread 6736] PLAYER: ( 76561198092065367 ) R Alpha 1-4:1 ([Turtle] Setha) REMOTE PURCHASED ITEM Exile_Item_EnergyDrink FOR 40 POPTABS | PLAYER TOTAL MONEY: 85020
[04:42:52:718383 --5:00] [Thread 15116] PLAYER: ( 76561198092065367 ) R Alpha 1-4:1 ([Turtle] Setha) REMOTE PURCHASED ITEM Exile_Item_EnergyDrink FOR 40 POPTABS | PLAYER TOTAL MONEY: 84980
[04:42:57:522823 --5:00] [Thread 8212] PLAYER: ( 76561198092065367 ) R Alpha 1-4:1 ([Turtle] Setha) REMOTE PURCHASED ITEM Exile_Item_Noodles FOR 14 POPTABS | PLAYER TOTAL MONEY: 84966
[04:42:57:893014 --5:00] [Thread 5708] PLAYER: ( 76561198092065367 ) R Alpha 1-4:1 ([Turtle] Setha) REMOTE PURCHASED ITEM Exile_Item_Noodles FOR 14 POPTABS | PLAYER TOTAL MONEY: 84952
[04:42:58:282625 --5:00] [Thread 8212] PLAYER: ( 76561198092065367 ) R Alpha 1-4:1 ([Turtle] Setha) REMOTE PURCHASED ITEM Exile_Item_Noodles FOR 14 POPTABS | PLAYER TOTAL MONEY: 84938
[04:42:58:649969 --5:00] [Thread 10588] PLAYER: ( 76561198092065367 ) R Alpha 1-4:1 ([Turtle] Setha) REMOTE PURCHASED ITEM Exile_Item_Noodles FOR 14 POPTABS | PLAYER TOTAL MONEY: 84924
[04:42:59:061019 --5:00] [Thread 15116] PLAYER: ( 76561198092065367 ) R Alpha 1-4:1 ([Turtle] Setha) REMOTE PURCHASED ITEM Exile_Item_Noodles FOR 14 POPTABS | PLAYER TOTAL MONEY: 84910
[04:50:44:585232 --5:00] [Thread 10588] PLAYER: ( 76561198065499194 ) R Alpha 1-2:1 ([Turtle] Agony) REMOTE PURCHASED ITEM Exile_Item_MountainDupe FOR 30 POPTABS | PLAYER TOTAL MONEY: 96
[04:50:45:387954 --5:00] [Thread 5708] PLAYER: ( 76561198065499194 ) R Alpha 1-2:1 ([Turtle] Agony) REMOTE PURCHASED ITEM Exile_Item_MountainDupe FOR 30 POPTABS | PLAYER TOTAL MONEY: 66
[04:50:47:366589 --5:00] [Thread 5708] PLAYER: ( 76561198065499194 ) R Alpha 1-2:1 ([Turtle] Agony) REMOTE PURCHASED ITEM Exile_Item_Noodles FOR 14 POPTABS | PLAYER TOTAL MONEY: 52
[14:52:12:763319 --5:00] [Thread 16856] PLAYER: ( 76561198065499194 ) R Alpha 1-3:1 ([Turtle] Agony) REMOTE PURCHASED ITEM Exile_Item_Noodles FOR 14 POPTABS | PLAYER TOTAL MONEY: 38
[14:52:20:506785 --5:00] [Thread 17440] PLAYER: ( 76561198065499194 ) R Alpha 1-3:1 ([Turtle] Agony) REMOTE PURCHASED ITEM Exile_Item_Noodles FOR 14 POPTABS | PLAYER TOTAL MONEY: 24
[15:15:46:465418 --5:00] [Thread 404] PLAYER: ( 76561198092065367 ) R Alpha 1-4:1 ([Turtle] Setha) REMOTE PURCHASED VEHICLE rhsusf_M1220_M153_M2_usarmy_d FOR 50000 POPTABS | PLAYER TOTAL MONEY: 950000
[15:50:05:809341 --5:00] [Thread 17440] PLAYER: ( 76561198065499194 ) R Alpha 1-3:1 ([Turtle] Agony) REMOTE PURCHASED ITEM Exile_Item_Noodles FOR 14 POPTABS | PLAYER TOTAL MONEY: 10
[16:58:50:138212 --5:00] [Thread 9620] PLAYER: ( 76561198092065367 ) R Alpha 1-4:1 ([Turtle] Setha) REMOTE PURCHASED VEHICLE Fox_Daytona FOR 14000 POPTABS | PLAYER TOTAL MONEY: 916050
[16:59:44:047103 --5:00] [Thread 12508] PLAYER: ( 76561198092065367 ) R Alpha 1-4:1 ([Turtle] Setha) REMOTE PURCHASED ITEM B_ViperHarness_hex_F FOR 150 POPTABS | PLAYER TOTAL MONEY: 915900
[17:04:57:640591 --5:00] [Thread 9532] PLAYER: ( 76561198092065367 ) R Alpha 1-4:1 ([Turtle] Setha) REMOTE PURCHASED ITEM Exile_Item_WoodFloorKit FOR 1750 POPTABS | PLAYER TOTAL MONEY: 909150
[17:04:59:763766 --5:00] [Thread 12508] PLAYER: ( 76561198092065367 ) R Alpha 1-4:1 ([Turtle] Setha) REMOTE PURCHASED ITEM Exile_Item_WoodFloorKit FOR 1750 POPTABS | PLAYER TOTAL MONEY: 907400
[17:05:00:704293 --5:00] [Thread 9532] PLAYER: ( 76561198092065367 ) R Alpha 1-4:1 ([Turtle] Setha) REMOTE PURCHASED ITEM Exile_Item_WoodFloorKit FOR 1750 POPTABS | PLAYER TOTAL MONEY: 905650
[17:05:01:492409 --5:00] [Thread 12508] PLAYER: ( 76561198092065367 ) R Alpha 1-4:1 ([Turtle] Setha) REMOTE PURCHASED ITEM Exile_Item_WoodFloorKit FOR 1750 POPTABS | PLAYER TOTAL MONEY: 903900
[17:05:39:443461 --5:00] [Thread 9532] PLAYER: ( 76561198092065367 ) R Alpha 1-4:1 ([Turtle] Setha) REMOTE PURCHASED ITEM Exile_Item_WoodDoorKit FOR 1750 POPTABS | PLAYER TOTAL MONEY: 902150
[17:06:32:113649 --5:00] [Thread 9532] PLAYER: ( 76561198092065367 ) R Alpha 1-4:1 ([Turtle] Setha) REMOTE PURCHASED ITEM B_Bergen_mcamo_F FOR 500 POPTABS | PLAYER TOTAL MONEY: 901650
[17:06:56:689849 --5:00] [Thread 12508] PLAYER: ( 76561198092065367 ) R Alpha 1-4:1 ([Turtle] Setha) REMOTE PURCHASED ITEM Exile_Item_WoodWallKit FOR 1750 POPTABS | PLAYER TOTAL MONEY: 899900
[17:06:57:649990 --5:00] [Thread 9620] PLAYER: ( 76561198092065367 ) R Alpha 1-4:1 ([Turtle] Setha) REMOTE PURCHASED ITEM Exile_Item_WoodWallKit FOR 1750 POPTABS | PLAYER TOTAL MONEY: 898150
[17:06:58:481891 --5:00] [Thread 9532] PLAYER: ( 76561198092065367 ) R Alpha 1-4:1 ([Turtle] Setha) REMOTE PURCHASED ITEM Exile_Item_WoodWallKit FOR 1750 POPTABS | PLAYER TOTAL MONEY: 896400
[17:07:34:088901 --5:00] [Thread 9620] PLAYER: ( 76561198092065367 ) R Alpha 1-4:1 ([Turtle] Setha) REMOTE PURCHASED ITEM Exile_Item_WoodWindowKit FOR 1750 POPTABS | PLAYER TOTAL MONEY: 894650
[17:07:35:002062 --5:00] [Thread 9532] PLAYER: ( 76561198092065367 ) R Alpha 1-4:1 ([Turtle] Setha) REMOTE PURCHASED ITEM Exile_Item_WoodWallKit FOR 1750 POPTABS | PLAYER TOTAL MONEY: 892900
[17:07:35:303712 --5:00] [Thread 15864] PLAYER: ( 76561198092065367 ) R Alpha 1-4:1 ([Turtle] Setha) REMOTE PURCHASED ITEM Exile_Item_WoodWallKit FOR 1750 POPTABS | PLAYER TOTAL MONEY: 891150
[17:07:35:655338 --5:00] [Thread 9620] PLAYER: ( 76561198092065367 ) R Alpha 1-4:1 ([Turtle] Setha) REMOTE PURCHASED ITEM Exile_Item_WoodWallKit FOR 1750 POPTABS | PLAYER TOTAL MONEY: 889400
[17:07:36:222757 --5:00] [Thread 16680] PLAYER: ( 76561198092065367 ) R Alpha 1-4:1 ([Turtle] Setha) REMOTE PURCHASED ITEM Exile_Item_WoodWallKit FOR 1750 POPTABS | PLAYER TOTAL MONEY: 887650
[17:07:36:574258 --5:00] [Thread 15864] PLAYER: ( 76561198092065367 ) R Alpha 1-4:1 ([Turtle] Setha) REMOTE PURCHASED ITEM Exile_Item_WoodWallKit FOR 1750 POPTABS | PLAYER TOTAL MONEY: 885900
[17:07:36:967889 --5:00] [Thread 9532] PLAYER: ( 76561198092065367 ) R Alpha 1-4:1 ([Turtle] Setha) REMOTE PURCHASED ITEM Exile_Item_WoodWallKit FOR 1750 POPTABS | PLAYER TOTAL MONEY: 884150
[17:07:37:339986 --5:00] [Thread 12508] PLAYER: ( 76561198092065367 ) R Alpha 1-4:1 ([Turtle] Setha) REMOTE PURCHASED ITEM Exile_Item_WoodWallKit FOR 1750 POPTABS | PLAYER TOTAL MONEY: 882400
[17:08:17:369028 --5:00] [Thread 15864] PLAYER: ( 76561198092065367 ) R Alpha 1-4:1 ([Turtle] Setha) REMOTE PURCHASED ITEM Exile_Item_WoodFloorKit FOR 1750 POPTABS | PLAYER TOTAL MONEY: 880650
[17:08:17:676623 --5:00] [Thread 9532] PLAYER: ( 76561198092065367 ) R Alpha 1-4:1 ([Turtle] Setha) REMOTE PURCHASED ITEM Exile_Item_WoodFloorKit FOR 1750 POPTABS | PLAYER TOTAL MONEY: 878900
[17:08:18:032291 --5:00] [Thread 12508] PLAYER: ( 76561198092065367 ) R Alpha 1-4:1 ([Turtle] Setha) REMOTE PURCHASED ITEM Exile_Item_WoodFloorKit FOR 1750 POPTABS | PLAYER TOTAL MONEY: 877150
[17:08:18:381732 --5:00] [Thread 9620] PLAYER: ( 76561198092065367 ) R Alpha 1-4:1 ([Turtle] Setha) REMOTE PURCHASED ITEM Exile_Item_WoodFloorKit FOR 1750 POPTABS | PLAYER TOTAL MONEY: 875400
[17:08:18:756736 --5:00] [Thread 12508] PLAYER: ( 76561198092065367 ) R Alpha 1-4:1 ([Turtle] Setha) REMOTE PURCHASED ITEM Exile_Item_WoodFloorKit FOR 1750 POPTABS | PLAYER TOTAL MONEY: 873650
[17:08:19:129784 --5:00] [Thread 12324] PLAYER: ( 76561198092065367 ) R Alpha 1-4:1 ([Turtle] Setha) REMOTE PURCHASED ITEM Exile_Item_WoodFloorKit FOR 1750 POPTABS | PLAYER TOTAL MONEY: 871900
[17:08:19:520647 --5:00] [Thread 9532] PLAYER: ( 76561198092065367 ) R Alpha 1-4:1 ([Turtle] Setha) REMOTE PURCHASED ITEM Exile_Item_WoodFloorKit FOR 1750 POPTABS | PLAYER TOTAL MONEY: 870150
[17:08:38:411876 --5:00] [Thread 15864] PLAYER: ( 76561198092065367 ) R Alpha 1-4:1 ([Turtle] Setha) REMOTE PURCHASED ITEM Exile_Item_DuctTape FOR 300 POPTABS | PLAYER TOTAL MONEY: 869850
[17:08:38:784894 --5:00] [Thread 9620] PLAYER: ( 76561198092065367 ) R Alpha 1-4:1 ([Turtle] Setha) REMOTE PURCHASED ITEM Exile_Item_DuctTape FOR 300 POPTABS | PLAYER TOTAL MONEY: 869550
[17:08:39:114998 --5:00] [Thread 12508] PLAYER: ( 76561198092065367 ) R Alpha 1-4:1 ([Turtle] Setha) REMOTE PURCHASED ITEM Exile_Item_DuctTape FOR 300 POPTABS | PLAYER TOTAL MONEY: 869250
[17:11:08:598683 --5:00] [Thread 9532] PLAYER: ( 76561198065499194 ) R Alpha 1-4:1 ([Turtle] Agony) REMOTE PURCHASED ITEM Exile_Item_Grinder FOR 10000 POPTABS | PLAYER TOTAL MONEY: 990010
[17:11:49:493388 --5:00] [Thread 12508] PLAYER: ( 76561198065499194 ) R Alpha 1-4:1 ([Turtle] Agony) REMOTE PURCHASED ITEM CDAH_Projectiles_item FOR 4000 POPTABS | PLAYER TOTAL MONEY: 986010
[17:12:00:445941 --5:00] [Thread 9532] PLAYER: ( 76561198092065367 ) R Best family NA:1 ([Turtle] Setha) REMOTE PURCHASED ITEM Exile_Item_CodeLock FOR 5000 POPTABS | PLAYER TOTAL MONEY: 864250
[17:12:08:029295 --5:00] [Thread 12508] PLAYER: ( 76561198092065367 ) R Best family NA:1 ([Turtle] Setha) REMOTE PURCHASED ITEM Exile_Item_Laptop FOR 4000 POPTABS | PLAYER TOTAL MONEY: 860250
[17:12:14:309870 --5:00] [Thread 9532] PLAYER: ( 76561198092065367 ) R Best family NA:1 ([Turtle] Setha) REMOTE PURCHASED ITEM Exile_Item_SafeKit FOR 25000 POPTABS | PLAYER TOTAL MONEY: 835250
[17:12:15:548260 --5:00] [Thread 12508] PLAYER: ( 76561198065499194 ) R Alpha 1-4:1 ([Turtle] Agony) REMOTE PURCHASED ITEM Exile_Item_EnergyDrink FOR 40 POPTABS | PLAYER TOTAL MONEY: 985970
[17:12:20:281999 --5:00] [Thread 9532] PLAYER: ( 76561198092065367 ) R Best family NA:1 ([Turtle] Setha) REMOTE PURCHASED ITEM EBM_ATM_Kit FOR 100000 POPTABS | PLAYER TOTAL MONEY: 735250
[17:12:21:194050 --5:00] [Thread 12508] PLAYER: ( 76561198065499194 ) R Alpha 1-4:1 ([Turtle] Agony) REMOTE PURCHASED ITEM Exile_Item_EMRE FOR 54 POPTABS | PLAYER TOTAL MONEY: 985916
[17:48:26:739148 --5:00] [Thread 18232] PLAYER: ( 76561198065499194 ) R Alpha 1-2:1 ([Turtle] Agony) REMOTE PURCHASED ITEM Exile_Item_Knife FOR 75000 POPTABS | PLAYER TOTAL MONEY: 910916
[18:15:03:479469 --5:00] [Thread 1924] PLAYER: ( 76561198065499194 ) R Alpha 1-4:1 ([Turtle] Agony) REMOTE PURCHASED ITEM 7Rnd_408_Mag FOR 10 POPTABS | PLAYER TOTAL MONEY: 99990
[18:15:04:562386 --5:00] [Thread 8148] PLAYER: ( 76561198065499194 ) R Alpha 1-4:1 ([Turtle] Agony) REMOTE PURCHASED ITEM 7Rnd_408_Mag FOR 10 POPTABS | PLAYER TOTAL MONEY: 99980
[18:15:05:038982 --5:00] [Thread 14564] PLAYER: ( 76561198065499194 ) R Alpha 1-4:1 ([Turtle] Agony) REMOTE PURCHASED ITEM 7Rnd_408_Mag FOR 10 POPTABS | PLAYER TOTAL MONEY: 99970
[18:16:04:483312 --5:00] [Thread 18232] PLAYER: ( 76561198065499194 ) R Alpha 1-4:1 ([Turtle] Agony) REMOTE PURCHASED VEHICLE Exile_Car_Golf_Red FOR 8000 POPTABS | PLAYER TOTAL MONEY: 91970
[18:29:31:002876 --5:00] [Thread 18232] PLAYER: ( 76561198092065367 ) R Best family NA:1 ([Turtle] Setha) REMOTE PURCHASED VEHICLE Exile_Car_Strider FOR 44000 POPTABS | PLAYER TOTAL MONEY: 411250
[18:33:37:016899 --5:00] [Thread 18232] PLAYER: ( 76561198092065367 ) R Best family NA:1 ([Turtle] Setha) REMOTE PURCHASED VEHICLE LOP_IA_BTR80 FOR 107000 POPTABS | PLAYER TOTAL MONEY: 304250
[18:40:10:775366 --5:00] [Thread 14564] PLAYER: ( 76561198065499194 ) R Alpha 1-2:1 ([Turtle] Agony) REMOTE PURCHASED ITEM Exile_Magazine_battery FOR 1000 POPTABS | PLAYER TOTAL MONEY: 90970
[18:40:11:750018 --5:00] [Thread 18232] PLAYER: ( 76561198065499194 ) R Alpha 1-2:1 ([Turtle] Agony) REMOTE PURCHASED ITEM Exile_Magazine_battery FOR 1000 POPTABS | PLAYER TOTAL MONEY: 89970
[18:40:12:682839 --5:00] [Thread 18232] PLAYER: ( 76561198065499194 ) R Alpha 1-2:1 ([Turtle] Agony) REMOTE PURCHASED ITEM Exile_Magazine_battery FOR 1000 POPTABS | PLAYER TOTAL MONEY: 88970
[18:40:21:730845 --5:00] [Thread 14564] PLAYER: ( 76561198092065367 ) R Best family NA:1 ([Turtle] Setha) REMOTE PURCHASED VEHICLE Fox_CobraR_Police FOR 145000 POPTABS | PLAYER TOTAL MONEY: 159250
