[23:07:53:928580 --5:00] [Thread 15664] PLAYER: ( 76561198092065367 ) R Best family NA:1 ([Turtle] Setha) REMOTE PURCHASED ITEM MMG_01_tan_F FOR 800 POPTABS | PLAYER TOTAL MONEY: 98203
[23:07:54:037010 --5:00] [Thread 17724] PLAYER: ( 76561198092065367 ) R Best family NA:1 ([Turtle] Setha) REMOTE PURCHASED ITEM optic_Nightstalker FOR 1000 POPTABS | PLAYER TOTAL MONEY: 97203
[23:08:41:052941 --5:00] [Thread 17960] PLAYER: ( 76561198092065367 ) R Best family NA:1 ([Turtle] Setha) REMOTE PURCHASED ITEM srifle_GM6_camo_F FOR 900 POPTABS | PLAYER TOTAL MONEY: 96303
[23:12:33:999814 --5:00] [Thread 3880] PLAYER: ( 76561198092065367 ) R Best family NA:1 ([Turtle] Setha) REMOTE PURCHASED ITEM hlc_rifle_awMagnum_OD_ghillie FOR 1000 POPTABS | PLAYER TOTAL MONEY: 95303
[23:13:10:909768 --5:00] [Thread 17960] PLAYER: ( 76561198092065367 ) R Best family NA:1 ([Turtle] Setha) REMOTE PURCHASED ITEM 29rnd_300BLK_STANAG_T FOR 30 POPTABS | PLAYER TOTAL MONEY: 95273
[23:13:52:986038 --5:00] [Thread 17960] PLAYER: ( 76561198092065367 ) R Best family NA:1 ([Turtle] Setha) REMOTE PURCHASED ITEM hlc_24Rnd_75x55_ap_stgw FOR 30 POPTABS | PLAYER TOTAL MONEY: 95243
[23:14:02:702395 --5:00] [Thread 15664] PLAYER: ( 76561198092065367 ) R Best family NA:1 ([Turtle] Setha) REMOTE PURCHASED ITEM hlc_5rnd_3006_1903 FOR 30 POPTABS | PLAYER TOTAL MONEY: 95213
[23:14:20:020615 --5:00] [Thread 17960] PLAYER: ( 76561198092065367 ) R Best family NA:1 ([Turtle] Setha) REMOTE PURCHASED ITEM hlc_5rnd_300WM_AP_AWM FOR 30 POPTABS | PLAYER TOTAL MONEY: 95183
[23:14:22:992356 --5:00] [Thread 15664] PLAYER: ( 76561198092065367 ) R Best family NA:1 ([Turtle] Setha) REMOTE PURCHASED ITEM hlc_5rnd_300WM_BTSP_AWM FOR 30 POPTABS | PLAYER TOTAL MONEY: 95153
[23:14:27:966232 --5:00] [Thread 17960] PLAYER: ( 76561198092065367 ) R Best family NA:1 ([Turtle] Setha) REMOTE PURCHASED ITEM hlc_100rnd_556x45_EPR_G36 FOR 30 POPTABS | PLAYER TOTAL MONEY: 95123
[23:14:32:594417 --5:00] [Thread 15664] PLAYER: ( 76561198092065367 ) R Best family NA:1 ([Turtle] Setha) REMOTE PURCHASED ITEM hlc_20Rnd_762x51_B_fal FOR 30 POPTABS | PLAYER TOTAL MONEY: 95093
[23:15:07:838247 --5:00] [Thread 1172] PLAYER: ( 76561198092065367 ) R Best family NA:1 ([Turtle] Setha) REMOTE PURCHASED ITEM 10Rnd_338_Mag FOR 30 POPTABS | PLAYER TOTAL MONEY: 95063
[23:16:18:562372 --5:00] [Thread 17724] PLAYER: ( 76561198092065367 ) R Best family NA:1 ([Turtle] Setha) REMOTE PURCHASED ITEM hlc_muzzle_300blk_KAC FOR 100 POPTABS | PLAYER TOTAL MONEY: 94963
[23:17:33:372641 --5:00] [Thread 17960] PLAYER: ( 76561198092065367 ) R Best family NA:1 ([Turtle] Setha) REMOTE PURCHASED ITEM hlc_muzzle_Tundra FOR 100 POPTABS | PLAYER TOTAL MONEY: 94863
[23:17:37:638490 --5:00] [Thread 15664] PLAYER: ( 76561198092065367 ) R Best family NA:1 ([Turtle] Setha) REMOTE PURCHASED ITEM hlc_muzzle_snds_a6AUG FOR 100 POPTABS | PLAYER TOTAL MONEY: 94763
[23:17:39:706943 --5:00] [Thread 3880] PLAYER: ( 76561198092065367 ) R Best family NA:1 ([Turtle] Setha) REMOTE PURCHASED ITEM hlc_muzzle_snds_g3 FOR 100 POPTABS | PLAYER TOTAL MONEY: 94663
[23:19:34:619763 --5:00] [Thread 3880] PLAYER: ( 76561198092065367 ) R Best family NA:1 ([Turtle] Setha) REMOTE PURCHASED ITEM optic_LRPS FOR 300 POPTABS | PLAYER TOTAL MONEY: 94363
[23:20:25:763835 --5:00] [Thread 17724] PLAYER: ( 76561198092065367 ) R Best family NA:1 ([Turtle] Setha) REMOTE PURCHASED ITEM hlc_muzzle_300blk_KAC FOR 100 POPTABS | PLAYER TOTAL MONEY: 94263
[23:20:42:582216 --5:00] [Thread 9068] PLAYER: ( 76561198092065367 ) R Best family NA:1 ([Turtle] Setha) REMOTE PURCHASED ITEM hlc_rifle_FN3011Tactical_green FOR 1000 POPTABS | PLAYER TOTAL MONEY: 93263
[23:21:20:045802 --5:00] [Thread 3880] PLAYER: ( 76561198092065367 ) R Best family NA:1 ([Turtle] Setha) REMOTE PURCHASED ITEM hlc_5rnd_3006_1903 FOR 30 POPTABS | PLAYER TOTAL MONEY: 93233
[23:21:27:479737 --5:00] [Thread 17960] PLAYER: ( 76561198092065367 ) R Best family NA:1 ([Turtle] Setha) REMOTE PURCHASED ITEM hlc_24Rnd_75x55_ap_stgw FOR 30 POPTABS | PLAYER TOTAL MONEY: 93203
[23:22:54:006524 --5:00] [Thread 17724] PLAYER: ( 76561198092065367 ) R Best family NA:1 ([Turtle] Setha) REMOTE PURCHASED ITEM 29rnd_300BLK_STANAG_T FOR 30 POPTABS | PLAYER TOTAL MONEY: 93173
[23:22:59:517408 --5:00] [Thread 9068] PLAYER: ( 76561198092065367 ) R Best family NA:1 ([Turtle] Setha) REMOTE PURCHASED ITEM hlc_5rnd_300WM_AP_AWM FOR 30 POPTABS | PLAYER TOTAL MONEY: 93143
[23:23:01:953094 --5:00] [Thread 17724] PLAYER: ( 76561198092065367 ) R Best family NA:1 ([Turtle] Setha) REMOTE PURCHASED ITEM hlc_5rnd_300WM_FMJ_AWM FOR 30 POPTABS | PLAYER TOTAL MONEY: 93113
[23:23:26:133950 --5:00] [Thread 9068] PLAYER: ( 76561198092065367 ) R Best family NA:1 ([Turtle] Setha) REMOTE PURCHASED ITEM hlc_20Rnd_762x51_mk316_amt FOR 30 POPTABS | PLAYER TOTAL MONEY: 93083
[23:23:29:235601 --5:00] [Thread 17724] PLAYER: ( 76561198092065367 ) R Best family NA:1 ([Turtle] Setha) REMOTE PURCHASED ITEM hlc_20rnd_762x51_T_G3 FOR 30 POPTABS | PLAYER TOTAL MONEY: 93053
[23:23:31:603858 --5:00] [Thread 9068] PLAYER: ( 76561198092065367 ) R Best family NA:1 ([Turtle] Setha) REMOTE PURCHASED ITEM hlc_20Rnd_762x51_T_amt FOR 30 POPTABS | PLAYER TOTAL MONEY: 93023
[23:23:35:049535 --5:00] [Thread 17960] PLAYER: ( 76561198092065367 ) R Best family NA:1 ([Turtle] Setha) REMOTE PURCHASED ITEM hlc_24Rnd_75x55_ap_stgw FOR 30 POPTABS | PLAYER TOTAL MONEY: 92993
[23:23:40:969601 --5:00] [Thread 17724] PLAYER: ( 76561198092065367 ) R Best family NA:1 ([Turtle] Setha) REMOTE PURCHASED ITEM hlc_20Rnd_762x51_mk316_fal FOR 40 POPTABS | PLAYER TOTAL MONEY: 92953
[23:24:06:158319 --5:00] [Thread 17960] PLAYER: ( 76561198092065367 ) R Best family NA:1 ([Turtle] Setha) REMOTE PURCHASED ITEM hlc_50rnd_762x51_M_FAL FOR 60 POPTABS | PLAYER TOTAL MONEY: 92893
[23:25:13:344125 --5:00] [Thread 17960] PLAYER: ( 76561198092065367 ) R Best family NA:1 ([Turtle] Setha) REMOTE PURCHASED ITEM optic_LRPS FOR 300 POPTABS | PLAYER TOTAL MONEY: 92593
[23:26:03:439363 --5:00] [Thread 15664] PLAYER: ( 76561198065499194 ) R Alpha 1-2:1 ([Turtle] Agony) REMOTE PURCHASED ITEM hlc_rifle_FN3011Tactical_grey FOR 1000 POPTABS | PLAYER TOTAL MONEY: 49000
[23:26:51:008255 --5:00] [Thread 3880] PLAYER: ( 76561198065499194 ) R Alpha 1-2:1 ([Turtle] Agony) REMOTE PURCHASED ITEM hlc_20Rnd_762x51_mk316_fal FOR 40 POPTABS | PLAYER TOTAL MONEY: 48960
[23:26:52:643987 --5:00] [Thread 9068] PLAYER: ( 76561198065499194 ) R Alpha 1-2:1 ([Turtle] Agony) REMOTE PURCHASED ITEM hlc_20Rnd_762x51_mk316_fal FOR 40 POPTABS | PLAYER TOTAL MONEY: 48920
[23:26:53:771911 --5:00] [Thread 15664] PLAYER: ( 76561198065499194 ) R Alpha 1-2:1 ([Turtle] Agony) REMOTE PURCHASED ITEM hlc_20Rnd_762x51_mk316_fal FOR 40 POPTABS | PLAYER TOTAL MONEY: 48880
[23:26:54:884206 --5:00] [Thread 1172] PLAYER: ( 76561198065499194 ) R Alpha 1-2:1 ([Turtle] Agony) REMOTE PURCHASED ITEM hlc_20Rnd_762x51_mk316_fal FOR 40 POPTABS | PLAYER TOTAL MONEY: 48840
[23:26:56:558139 --5:00] [Thread 1172] PLAYER: ( 76561198065499194 ) R Alpha 1-2:1 ([Turtle] Agony) REMOTE PURCHASED ITEM hlc_20Rnd_762x51_mk316_fal FOR 40 POPTABS | PLAYER TOTAL MONEY: 48800
[23:26:57:586497 --5:00] [Thread 17724] PLAYER: ( 76561198065499194 ) R Alpha 1-2:1 ([Turtle] Agony) REMOTE PURCHASED ITEM hlc_20Rnd_762x51_mk316_fal FOR 40 POPTABS | PLAYER TOTAL MONEY: 48760
[23:26:58:436328 --5:00] [Thread 1172] PLAYER: ( 76561198065499194 ) R Alpha 1-2:1 ([Turtle] Agony) REMOTE PURCHASED ITEM hlc_20Rnd_762x51_mk316_fal FOR 40 POPTABS | PLAYER TOTAL MONEY: 48720
[23:27:01:263576 --5:00] [Thread 17724] PLAYER: ( 76561198065499194 ) R Alpha 1-2:1 ([Turtle] Agony) REMOTE PURCHASED ITEM hlc_20Rnd_762x51_mk316_fal FOR 40 POPTABS | PLAYER TOTAL MONEY: 48680
[23:27:48:669042 --5:00] [Thread 9068] PLAYER: ( 76561198065499194 ) R Alpha 1-2:1 ([Turtle] Agony) REMOTE PURCHASED ITEM hlc_muzzle_300blk_KAC FOR 100 POPTABS | PLAYER TOTAL MONEY: 48580
[23:28:05:816333 --5:00] [Thread 9068] PLAYER: ( 76561198065499194 ) R Alpha 1-2:1 ([Turtle] Agony) REMOTE PURCHASED ITEM bipod_03_F_oli FOR 10 POPTABS | PLAYER TOTAL MONEY: 48570
[23:28:17:741656 --5:00] [Thread 9068] PLAYER: ( 76561198065499194 ) R Alpha 1-2:1 ([Turtle] Agony) REMOTE PURCHASED ITEM optic_Nightstalker FOR 1000 POPTABS | PLAYER TOTAL MONEY: 47570
[23:31:25:397265 --5:00] [Thread 15664] PLAYER: ( 76561198092065367 ) R Best family NA:1 ([Turtle] Setha) REMOTE PURCHASED ITEM rhs_weap_XM2010_sa FOR 1250 POPTABS | PLAYER TOTAL MONEY: 91343
[23:32:02:286898 --5:00] [Thread 9068] PLAYER: ( 76561198092065367 ) R Best family NA:1 ([Turtle] Setha) REMOTE PURCHASED ITEM rhsusf_acc_M2010S FOR 200 POPTABS | PLAYER TOTAL MONEY: 91143
[23:32:03:126842 --5:00] [Thread 3880] PLAYER: ( 76561198092065367 ) R Best family NA:1 ([Turtle] Setha) REMOTE PURCHASED ITEM rhsusf_acc_SR25S FOR 190 POPTABS | PLAYER TOTAL MONEY: 90953
[23:32:04:468817 --5:00] [Thread 9068] PLAYER: ( 76561198092065367 ) R Best family NA:1 ([Turtle] Setha) REMOTE PURCHASED ITEM rhs_acc_pbs1 FOR 190 POPTABS | PLAYER TOTAL MONEY: 90763
[23:32:05:635842 --5:00] [Thread 3880] PLAYER: ( 76561198092065367 ) R Best family NA:1 ([Turtle] Setha) REMOTE PURCHASED ITEM rhs_acc_tgpa FOR 180 POPTABS | PLAYER TOTAL MONEY: 90583
[23:32:31:933142 --5:00] [Thread 9068] PLAYER: ( 76561198092065367 ) R Best family NA:1 ([Turtle] Setha) REMOTE PURCHASED ITEM rhsusf_5Rnd_300winmag_xm2010 FOR 55 POPTABS | PLAYER TOTAL MONEY: 90528
[23:32:55:328808 --5:00] [Thread 17960] PLAYER: ( 76561198092065367 ) R Best family NA:1 ([Turtle] Setha) REMOTE PURCHASED ITEM optic_LRPS FOR 300 POPTABS | PLAYER TOTAL MONEY: 90228
[23:33:46:360668 --5:00] [Thread 3880] PLAYER: ( 76561198092065367 ) R Best family NA:1 ([Turtle] Setha) REMOTE PURCHASED ITEM rhsusf_5Rnd_300winmag_xm2010 FOR 55 POPTABS | PLAYER TOTAL MONEY: 90173
[23:33:47:202492 --5:00] [Thread 15664] PLAYER: ( 76561198092065367 ) R Best family NA:1 ([Turtle] Setha) REMOTE PURCHASED ITEM rhsusf_5Rnd_300winmag_xm2010 FOR 55 POPTABS | PLAYER TOTAL MONEY: 90118
[23:33:48:134209 --5:00] [Thread 15664] PLAYER: ( 76561198092065367 ) R Best family NA:1 ([Turtle] Setha) REMOTE PURCHASED ITEM rhsusf_5Rnd_300winmag_xm2010 FOR 55 POPTABS | PLAYER TOTAL MONEY: 90063
[23:35:30:757687 --5:00] [Thread 9068] PLAYER: ( 76561198092065367 ) R Best family NA:1 ([Turtle] Setha) REMOTE PURCHASED ITEM hlc_20Rnd_762x51_mk316_fal FOR 40 POPTABS | PLAYER TOTAL MONEY: 90023
[23:35:31:645485 --5:00] [Thread 1172] PLAYER: ( 76561198092065367 ) R Best family NA:1 ([Turtle] Setha) REMOTE PURCHASED ITEM hlc_20Rnd_762x51_mk316_fal FOR 40 POPTABS | PLAYER TOTAL MONEY: 89983
[23:36:27:042686 --5:00] [Thread 17960] PLAYER: ( 76561198092065367 ) R Best family NA:1 ([Turtle] Setha) REMOTE PURCHASED ITEM rhs_bipod FOR 80 POPTABS | PLAYER TOTAL MONEY: 89903
[23:36:28:060277 --5:00] [Thread 15664] PLAYER: ( 76561198092065367 ) R Best family NA:1 ([Turtle] Setha) REMOTE PURCHASED ITEM rhsusf_acc_harris_bipod FOR 80 POPTABS | PLAYER TOTAL MONEY: 89823
[23:38:38:663875 --5:00] [Thread 15664] PLAYER: ( 76561198092065367 ) R Best family NA:1 ([Turtle] Setha) REMOTE PURCHASED ITEM hlc_rifle_awmagnum_FDE FOR 1000 POPTABS | PLAYER TOTAL MONEY: 88823
[23:39:38:824256 --5:00] [Thread 3880] PLAYER: ( 76561198092065367 ) R Best family NA:1 ([Turtle] Setha) REMOTE PURCHASED ITEM hlc_5rnd_300WM_FMJ_AWM FOR 30 POPTABS | PLAYER TOTAL MONEY: 88793
[23:40:32:441413 --5:00] [Thread 15664] PLAYER: ( 76561198092065367 ) R Best family NA:1 ([Turtle] Setha) REMOTE PURCHASED ITEM hlc_muzzle_300blk_KAC FOR 100 POPTABS | PLAYER TOTAL MONEY: 88693
[23:44:36:753907 --5:00] [Thread 1172] PLAYER: ( 76561198092065367 ) R Best family NA:1 ([Turtle] Setha) REMOTE PURCHASED ITEM Rangefinder FOR 200 POPTABS | PLAYER TOTAL MONEY: 88493
[23:46:34:392540 --5:00] [Thread 15664] PLAYER: ( 76561198092065367 ) R Best family NA:1 ([Turtle] Setha) REMOTE PURCHASED ITEM hlc_20Rnd_762x51_t_fal FOR 30 POPTABS | PLAYER TOTAL MONEY: 88463
[23:46:35:601570 --5:00] [Thread 9068] PLAYER: ( 76561198092065367 ) R Best family NA:1 ([Turtle] Setha) REMOTE PURCHASED ITEM hlc_20Rnd_762x51_t_fal FOR 30 POPTABS | PLAYER TOTAL MONEY: 88433
[23:46:35:601585 --5:00] [Thread 1172] PLAYER: ( 76561198092065367 ) R Best family NA:1 ([Turtle] Setha) REMOTE PURCHASED ITEM hlc_20Rnd_762x51_t_fal FOR 30 POPTABS | PLAYER TOTAL MONEY: 88403
[23:46:35:602310 --5:00] [Thread 15664] PLAYER: ( 76561198092065367 ) R Best family NA:1 ([Turtle] Setha) REMOTE PURCHASED ITEM hlc_20Rnd_762x51_t_fal FOR 30 POPTABS | PLAYER TOTAL MONEY: 88373
[23:46:36:702879 --5:00] [Thread 17960] PLAYER: ( 76561198092065367 ) R Best family NA:1 ([Turtle] Setha) REMOTE PURCHASED ITEM hlc_20Rnd_762x51_t_fal FOR 30 POPTABS | PLAYER TOTAL MONEY: 88343
[23:46:37:075402 --5:00] [Thread 9068] PLAYER: ( 76561198092065367 ) R Best family NA:1 ([Turtle] Setha) REMOTE PURCHASED ITEM hlc_20Rnd_762x51_mk316_fal FOR 40 POPTABS | PLAYER TOTAL MONEY: 88303
[23:46:37:075441 --5:00] [Thread 9068] PLAYER: ( 76561198092065367 ) R Best family NA:1 ([Turtle] Setha) REMOTE PURCHASED ITEM hlc_20Rnd_762x51_mk316_fal FOR 40 POPTABS | PLAYER TOTAL MONEY: 88263
[23:46:37:154620 --5:00] [Thread 17724] PLAYER: ( 76561198092065367 ) R Best family NA:1 ([Turtle] Setha) REMOTE PURCHASED ITEM hlc_20Rnd_762x51_mk316_fal FOR 40 POPTABS | PLAYER TOTAL MONEY: 88223
[23:46:37:390144 --5:00] [Thread 9068] PLAYER: ( 76561198092065367 ) R Best family NA:1 ([Turtle] Setha) REMOTE PURCHASED ITEM hlc_20Rnd_762x51_mk316_fal FOR 40 POPTABS | PLAYER TOTAL MONEY: 88183
[23:46:37:781934 --5:00] [Thread 17724] PLAYER: ( 76561198092065367 ) R Best family NA:1 ([Turtle] Setha) REMOTE PURCHASED ITEM hlc_20Rnd_762x51_mk316_fal FOR 40 POPTABS | PLAYER TOTAL MONEY: 88143
[23:46:38:246412 --5:00] [Thread 1172] PLAYER: ( 76561198092065367 ) R Best family NA:1 ([Turtle] Setha) REMOTE PURCHASED ITEM hlc_20Rnd_762x51_mk316_fal FOR 40 POPTABS | PLAYER TOTAL MONEY: 88103
[00:18:57:937705 --5:00] [Thread 16084] PLAYER: ( 76561198092065367 ) R Agony:2 ([Turtle] Setha) REMOTE PURCHASED ITEM Exile_Item_PowerDrink FOR 60 POPTABS | PLAYER TOTAL MONEY: 88043
[00:19:06:668620 --5:00] [Thread 15864] PLAYER: ( 76561198092065367 ) R Agony:2 ([Turtle] Setha) REMOTE PURCHASED ITEM Exile_Item_EMRE FOR 54 POPTABS | PLAYER TOTAL MONEY: 87989
[00:19:31:657268 --5:00] [Thread 3884] PLAYER: ( 76561198092065367 ) R Agony:2 ([Turtle] Setha) REMOTE PURCHASED ITEM rhsusf_acc_M2010S FOR 200 POPTABS | PLAYER TOTAL MONEY: 87789
[00:19:33:201385 --5:00] [Thread 14412] PLAYER: ( 76561198092065367 ) R Agony:2 ([Turtle] Setha) REMOTE PURCHASED ITEM rhsusf_5Rnd_300winmag_xm2010 FOR 55 POPTABS | PLAYER TOTAL MONEY: 87734
[00:19:33:547987 --5:00] [Thread 3884] PLAYER: ( 76561198092065367 ) R Agony:2 ([Turtle] Setha) REMOTE PURCHASED ITEM rhsusf_5Rnd_300winmag_xm2010 FOR 55 POPTABS | PLAYER TOTAL MONEY: 87679
[00:19:33:922046 --5:00] [Thread 14412] PLAYER: ( 76561198092065367 ) R Agony:2 ([Turtle] Setha) REMOTE PURCHASED ITEM rhsusf_5Rnd_300winmag_xm2010 FOR 55 POPTABS | PLAYER TOTAL MONEY: 87624
[00:19:34:291407 --5:00] [Thread 3884] PLAYER: ( 76561198092065367 ) R Agony:2 ([Turtle] Setha) REMOTE PURCHASED ITEM rhsusf_5Rnd_300winmag_xm2010 FOR 55 POPTABS | PLAYER TOTAL MONEY: 87569
[00:19:41:760439 --5:00] [Thread 14412] PLAYER: ( 76561198092065367 ) R Agony:2 ([Turtle] Setha) REMOTE PURCHASED ITEM rhsusf_5Rnd_300winmag_xm2010 FOR 55 POPTABS | PLAYER TOTAL MONEY: 87514
[00:20:55:749616 --5:00] [Thread 10600] PLAYER: ( 76561198092065367 ) R Agony:2 ([Turtle] Setha) REMOTE PURCHASED ITEM hlc_optic_LRT_m14 FOR 200 POPTABS | PLAYER TOTAL MONEY: 87314
[00:21:03:086891 --5:00] [Thread 17784] PLAYER: ( 76561198092065367 ) R Agony:2 ([Turtle] Setha) REMOTE PURCHASED ITEM hlc_optic_accupoint_g3 FOR 200 POPTABS | PLAYER TOTAL MONEY: 87114
[00:21:19:557432 --5:00] [Thread 3884] PLAYER: ( 76561198092065367 ) R Agony:2 ([Turtle] Setha) REMOTE PURCHASED ITEM rhs_bipod FOR 80 POPTABS | PLAYER TOTAL MONEY: 87034
[00:21:31:166478 --5:00] [Thread 16084] PLAYER: ( 76561198092065367 ) R Agony:2 ([Turtle] Setha) REMOTE PURCHASED ITEM rhsusf_acc_harris_bipod FOR 80 POPTABS | PLAYER TOTAL MONEY: 86954
[00:21:57:955266 --5:00] [Thread 15864] PLAYER: ( 76561198092065367 ) R Agony:2 ([Turtle] Setha) REMOTE PURCHASED VEHICLE Fox_DaytonaGeneral FOR 14000 POPTABS | PLAYER TOTAL MONEY: 72954
[00:23:34:118616 --5:00] [Thread 15864] PLAYER: ( 76561198065499194 ) R Agony:1 ([Turtle] Agony) REMOTE PURCHASED VEHICLE Fox_Pickup_Tow FOR 30000 POPTABS | PLAYER TOTAL MONEY: 127570
[00:34:36:014563 --5:00] [Thread 16084] PLAYER: ( 76561198092065367 ) R Agony:2 ([Turtle] Setha) REMOTE PURCHASED ITEM hlc_rifle_psg1 FOR 950 POPTABS | PLAYER TOTAL MONEY: 72004
