extDB2: Version: 70
extDB2: https://github.com/Torndeco/extDB2
extDB2: Windows Version
Message: All development for extDB2 is done on a Linux Dedicated Server
Message: If you would like to Donate to extDB2 Development
Message: https://www.paypal.com/cgi-bin/webscr?cmd=_s-xclick&hosted_button_id=2SUEFTGABTAM2
Message: Also leave a message if there is any particular feature you would like to see added.
Message: Thanks for all the people that have donated.
Message: Torndeco: 20/02/15


extDB2: Found extdb-conf.ini
extDB2: Detected 12 Cores, Setting up 6 Worker Threads


[04:33:06:596567 --5:00] [Thread 2824] extDB2: Database Type: MySQL
[04:33:06:598533 --5:00] [Thread 2824] extDB2: Database Session Pool Started
[04:33:06:599941 --5:00] [Thread 2824] extDB2: SQL_CUSTOM_V2: Loading Template Filename: C:\Servers\ExileServer\@exileserver\extDB\sql_custom_v2\exile.ini
[04:33:06:600060 --5:00] [Thread 2824] extDB2: SQL_CUSTOM_V2: Version 12 Detected, Latest Version 12 Available
[04:34:12:662216 --5:00] [Thread 2824] extDB2: SQL_CUSTOM_V2: Error No Custom Call Not Found: Input String hasBountyAccount:76561198092065367
[04:34:12:662242 --5:00] [Thread 2824] extDB2: SQL_CUSTOM_V2: Error No Custom Call Not Found: Callname hasBountyAccount
[04:34:17:848638 --5:00] [Thread 2824] extDB2: SQL_CUSTOM_V2: Error No Custom Call Not Found: Input String hasImmunity:76561198092065367:3
[04:34:17:848675 --5:00] [Thread 2824] extDB2: SQL_CUSTOM_V2: Error No Custom Call Not Found: Callname hasImmunity
[04:35:06:283490 --5:00] [Thread 2824] extDB2: SQL_CUSTOM_V2: Error No Custom Call Not Found: Input String hasBountyAccount:76561198065499194
[04:35:06:283517 --5:00] [Thread 2824] extDB2: SQL_CUSTOM_V2: Error No Custom Call Not Found: Callname hasBountyAccount
[04:35:19:119796 --5:00] [Thread 2824] extDB2: SQL_CUSTOM_V2: Error No Custom Call Not Found: Input String hasBountyAccount:76561198092065367
[04:35:19:119823 --5:00] [Thread 2824] extDB2: SQL_CUSTOM_V2: Error No Custom Call Not Found: Callname hasBountyAccount
[04:35:20:943853 --5:00] [Thread 2824] extDB2: SQL_CUSTOM_V2: Error No Custom Call Not Found: Input String hasImmunity:76561198065499194:3
[04:35:20:943882 --5:00] [Thread 2824] extDB2: SQL_CUSTOM_V2: Error No Custom Call Not Found: Callname hasImmunity
[04:35:21:598056 --5:00] [Thread 2824] extDB2: SQL_CUSTOM_V2: Error No Custom Call Not Found: Input String hasImmunity:76561198092065367:3
[04:35:21:598089 --5:00] [Thread 2824] extDB2: SQL_CUSTOM_V2: Error No Custom Call Not Found: Callname hasImmunity
[04:36:19:133809 --5:00] [Thread 2824] extDB2: Stopping ...
