[23:15:42:508547 --5:00] [Thread 12424] PLAYER: ( 76561198092065367 ) R Alpha 1-3:1 ([Turtle] Setha) REMOTE PURCHASED VEHICLE Exile_Plane_Cessna FOR 16500 POPTABS | PLAYER TOTAL MONEY: 9.9835e+006
[23:45:05:979838 --5:00] [Thread 13832] PLAYER: ( 76561198092065367 ) R Alpha 1-3:1 ([Turtle] Setha) REMOTE PURCHASED ITEM H_Bandanna_camo FOR 4 POPTABS | PLAYER TOTAL MONEY: 9.9835e+006
[23:46:10:095330 --5:00] [Thread 11868] PLAYER: ( 76561198092065367 ) R Alpha 1-3:1 ([Turtle] Setha) REMOTE PURCHASED ITEM Exile_Item_ChocolateMilk FOR 25 POPTABS | PLAYER TOTAL MONEY: 9.98347e+006
[23:46:19:644602 --5:00] [Thread 13832] PLAYER: ( 76561198092065367 ) R Alpha 1-3:1 ([Turtle] Setha) REMOTE PURCHASED ITEM Exile_Item_EnergyDrink FOR 40 POPTABS | PLAYER TOTAL MONEY: 9.98343e+006
[23:47:22:066651 --5:00] [Thread 8220] PLAYER: ( 76561198092065367 ) R Alpha 1-3:1 ([Turtle] Setha) REMOTE PURCHASED ITEM V_Chestrig_rgr FOR 30 POPTABS | PLAYER TOTAL MONEY: 9.9834e+006
[23:47:50:651025 --5:00] [Thread 13832] PLAYER: ( 76561198092065367 ) R Alpha 1-3:1 ([Turtle] Setha) REMOTE PURCHASED ITEM U_I_C_Soldier_Bandit_4_F FOR 15 POPTABS | PLAYER TOTAL MONEY: 9.98339e+006
[23:48:05:409573 --5:00] [Thread 8220] PLAYER: ( 76561198092065367 ) R Alpha 1-3:1 ([Turtle] Setha) REMOTE PURCHASED ITEM B_AssaultPack_tna_F FOR 90 POPTABS | PLAYER TOTAL MONEY: 9.9833e+006
[23:56:13:818095 --5:00] [Thread 13904] PLAYER: ( 76561198092065367 ) R Alpha 1-3:1 ([Turtle] Setha) REMOTE PURCHASED VEHICLE Exile_Chopper_Hummingbird_Civillian_Wasp FOR 17000 POPTABS | PLAYER TOTAL MONEY: 9.9563e+006
[00:04:45:035435 --5:00] [Thread 13904] PLAYER: ( 76561198092065367 ) R yes:2 ([Turtle] Setha) REMOTE PURCHASED ITEM Exile_Item_Moobar FOR 8 POPTABS | PLAYER TOTAL MONEY: 9.95629e+006
[00:04:51:232908 --5:00] [Thread 10180] PLAYER: ( 76561198092065367 ) R yes:2 ([Turtle] Setha) REMOTE PURCHASED ITEM Exile_Item_Noodles FOR 14 POPTABS | PLAYER TOTAL MONEY: 9.95628e+006
[00:04:52:155774 --5:00] [Thread 9692] PLAYER: ( 76561198092065367 ) R yes:2 ([Turtle] Setha) REMOTE PURCHASED ITEM Exile_Item_Noodles FOR 14 POPTABS | PLAYER TOTAL MONEY: 9.95626e+006
[00:04:52:740885 --5:00] [Thread 12868] PLAYER: ( 76561198092065367 ) R yes:2 ([Turtle] Setha) REMOTE PURCHASED ITEM Exile_Item_Noodles FOR 14 POPTABS | PLAYER TOTAL MONEY: 9.95625e+006
[00:04:59:600472 --5:00] [Thread 9692] PLAYER: ( 76561198092065367 ) R yes:2 ([Turtle] Setha) REMOTE PURCHASED ITEM Exile_Item_Beer FOR 50 POPTABS | PLAYER TOTAL MONEY: 9.9562e+006
[00:06:17:733414 --5:00] [Thread 10180] PLAYER: ( 76561198092065367 ) R yes:2 ([Turtle] Setha) REMOTE PURCHASED VEHICLE Exile_Car_Ikarus_Blue FOR 17000 POPTABS | PLAYER TOTAL MONEY: 9.9392e+006
[00:06:42:304141 --5:00] [Thread 10180] PLAYER: ( 76561198092065367 ) R yes:2 ([Turtle] Setha) REMOTE PURCHASED VEHICLE Exile_Car_Tractor_Red FOR 2000 POPTABS | PLAYER TOTAL MONEY: 9.9372e+006
[00:07:46:899156 --5:00] [Thread 10180] PLAYER: ( 76561198092065367 ) R yes:2 ([Turtle] Setha) REMOTE PURCHASED VEHICLE Exile_Car_Ikarus_Blue FOR 17000 POPTABS | PLAYER TOTAL MONEY: 9.9202e+006
[00:08:47:257679 --5:00] [Thread 10180] PLAYER: ( 76561198092065367 ) R yes:2 ([Turtle] Setha) REMOTE PURCHASED VEHICLE Exile_Car_Ikarus_Blue FOR 17000 POPTABS | PLAYER TOTAL MONEY: 9.9032e+006
[00:15:52:251333 --5:00] [Thread 10180] PLAYER: ( 76561198092065367 ) R yes:2 ([Turtle] Setha) REMOTE PURCHASED VEHICLE Exile_Car_OldTractor_Red FOR 1200 POPTABS | PLAYER TOTAL MONEY: 9.902e+006
[00:41:30:480874 --5:00] [Thread 2820] PLAYER: ( 76561198092065367 ) R Alpha 1-3:1 ([Turtle] Setha) REMOTE PURCHASED ITEM arifle_SPAR_01_blk_F FOR 400 POPTABS | PLAYER TOTAL MONEY: 9.9016e+006
[00:41:42:947238 --5:00] [Thread 3436] PLAYER: ( 76561198092065367 ) R Alpha 1-3:1 ([Turtle] Setha) REMOTE PURCHASED ITEM optic_Arco FOR 100 POPTABS | PLAYER TOTAL MONEY: 9.9015e+006
[00:41:59:878740 --5:00] [Thread 2820] PLAYER: ( 76561198092065367 ) R Alpha 1-3:1 ([Turtle] Setha) REMOTE PURCHASED ITEM muzzle_snds_M FOR 10 POPTABS | PLAYER TOTAL MONEY: 9.90149e+006
[00:42:19:660023 --5:00] [Thread 3436] PLAYER: ( 76561198092065367 ) R Alpha 1-3:1 ([Turtle] Setha) REMOTE PURCHASED ITEM 30Rnd_545x39_Mag_Green_F FOR 10 POPTABS | PLAYER TOTAL MONEY: 9.90148e+006
[00:42:48:941769 --5:00] [Thread 2820] PLAYER: ( 76561198092065367 ) R Alpha 1-3:1 ([Turtle] Setha) REMOTE PURCHASED ITEM 30Rnd_556x45_Stanag_Tracer_Red FOR 20 POPTABS | PLAYER TOTAL MONEY: 9.90146e+006
[00:42:50:245489 --5:00] [Thread 3436] PLAYER: ( 76561198092065367 ) R Alpha 1-3:1 ([Turtle] Setha) REMOTE PURCHASED ITEM 30Rnd_556x45_Stanag_Tracer_Red FOR 20 POPTABS | PLAYER TOTAL MONEY: 9.90144e+006
[00:42:50:988716 --5:00] [Thread 2820] PLAYER: ( 76561198092065367 ) R Alpha 1-3:1 ([Turtle] Setha) REMOTE PURCHASED ITEM 30Rnd_556x45_Stanag_Tracer_Red FOR 20 POPTABS | PLAYER TOTAL MONEY: 9.90142e+006
[00:42:51:294558 --5:00] [Thread 3436] PLAYER: ( 76561198092065367 ) R Alpha 1-3:1 ([Turtle] Setha) REMOTE PURCHASED ITEM 30Rnd_556x45_Stanag_Tracer_Red FOR 20 POPTABS | PLAYER TOTAL MONEY: 9.9014e+006
[00:42:51:600110 --5:00] [Thread 2820] PLAYER: ( 76561198092065367 ) R Alpha 1-3:1 ([Turtle] Setha) REMOTE PURCHASED ITEM 30Rnd_556x45_Stanag_Tracer_Red FOR 20 POPTABS | PLAYER TOTAL MONEY: 9.90138e+006
[00:42:52:104023 --5:00] [Thread 3436] PLAYER: ( 76561198092065367 ) R Alpha 1-3:1 ([Turtle] Setha) REMOTE PURCHASED ITEM 30Rnd_556x45_Stanag_Tracer_Red FOR 20 POPTABS | PLAYER TOTAL MONEY: 9.90136e+006
[00:42:52:434129 --5:00] [Thread 2820] PLAYER: ( 76561198092065367 ) R Alpha 1-3:1 ([Turtle] Setha) REMOTE PURCHASED ITEM 30Rnd_556x45_Stanag_Tracer_Red FOR 20 POPTABS | PLAYER TOTAL MONEY: 9.90134e+006
[00:42:52:782789 --5:00] [Thread 3436] PLAYER: ( 76561198092065367 ) R Alpha 1-3:1 ([Turtle] Setha) REMOTE PURCHASED ITEM 30Rnd_556x45_Stanag_Tracer_Red FOR 20 POPTABS | PLAYER TOTAL MONEY: 9.90132e+006
[00:42:53:135401 --5:00] [Thread 2820] PLAYER: ( 76561198092065367 ) R Alpha 1-3:1 ([Turtle] Setha) REMOTE PURCHASED ITEM 30Rnd_556x45_Stanag_Tracer_Red FOR 20 POPTABS | PLAYER TOTAL MONEY: 9.9013e+006
[00:42:53:488864 --5:00] [Thread 3436] PLAYER: ( 76561198092065367 ) R Alpha 1-3:1 ([Turtle] Setha) REMOTE PURCHASED ITEM 30Rnd_556x45_Stanag_Tracer_Red FOR 20 POPTABS | PLAYER TOTAL MONEY: 9.90128e+006
[00:42:53:859982 --5:00] [Thread 2820] PLAYER: ( 76561198092065367 ) R Alpha 1-3:1 ([Turtle] Setha) REMOTE PURCHASED ITEM 30Rnd_556x45_Stanag_Tracer_Red FOR 20 POPTABS | PLAYER TOTAL MONEY: 9.90126e+006
[00:42:54:232103 --5:00] [Thread 3436] PLAYER: ( 76561198092065367 ) R Alpha 1-3:1 ([Turtle] Setha) REMOTE PURCHASED ITEM 30Rnd_556x45_Stanag_Tracer_Red FOR 20 POPTABS | PLAYER TOTAL MONEY: 9.90124e+006
[00:42:54:625618 --5:00] [Thread 3212] PLAYER: ( 76561198092065367 ) R Alpha 1-3:1 ([Turtle] Setha) REMOTE PURCHASED ITEM 30Rnd_556x45_Stanag_Tracer_Red FOR 20 POPTABS | PLAYER TOTAL MONEY: 9.90122e+006
[00:42:55:065146 --5:00] [Thread 2820] PLAYER: ( 76561198092065367 ) R Alpha 1-3:1 ([Turtle] Setha) REMOTE PURCHASED ITEM 30Rnd_556x45_Stanag_Tracer_Red FOR 20 POPTABS | PLAYER TOTAL MONEY: 9.9012e+006
[00:42:55:435308 --5:00] [Thread 3212] PLAYER: ( 76561198092065367 ) R Alpha 1-3:1 ([Turtle] Setha) REMOTE PURCHASED ITEM 30Rnd_556x45_Stanag_Tracer_Red FOR 20 POPTABS | PLAYER TOTAL MONEY: 9.90118e+006
[00:42:55:871779 --5:00] [Thread 2820] PLAYER: ( 76561198092065367 ) R Alpha 1-3:1 ([Turtle] Setha) REMOTE PURCHASED ITEM 30Rnd_556x45_Stanag_Tracer_Red FOR 20 POPTABS | PLAYER TOTAL MONEY: 9.90116e+006
[00:42:56:292724 --5:00] [Thread 3212] PLAYER: ( 76561198092065367 ) R Alpha 1-3:1 ([Turtle] Setha) REMOTE PURCHASED ITEM 30Rnd_556x45_Stanag_Tracer_Red FOR 20 POPTABS | PLAYER TOTAL MONEY: 9.90114e+006
[00:42:56:733204 --5:00] [Thread 2820] PLAYER: ( 76561198092065367 ) R Alpha 1-3:1 ([Turtle] Setha) REMOTE PURCHASED ITEM 30Rnd_556x45_Stanag_Tracer_Red FOR 20 POPTABS | PLAYER TOTAL MONEY: 9.90112e+006
[00:42:57:148237 --5:00] [Thread 3436] PLAYER: ( 76561198092065367 ) R Alpha 1-3:1 ([Turtle] Setha) REMOTE PURCHASED ITEM 30Rnd_556x45_Stanag_Tracer_Red FOR 20 POPTABS | PLAYER TOTAL MONEY: 9.9011e+006
[00:42:57:584745 --5:00] [Thread 3436] PLAYER: ( 76561198092065367 ) R Alpha 1-3:1 ([Turtle] Setha) REMOTE PURCHASED ITEM 30Rnd_556x45_Stanag_Tracer_Red FOR 20 POPTABS | PLAYER TOTAL MONEY: 9.90108e+006
[00:42:58:089852 --5:00] [Thread 3212] PLAYER: ( 76561198092065367 ) R Alpha 1-3:1 ([Turtle] Setha) REMOTE PURCHASED ITEM 30Rnd_556x45_Stanag_Tracer_Red FOR 20 POPTABS | PLAYER TOTAL MONEY: 9.90106e+006
[00:43:20:678682 --5:00] [Thread 3436] PLAYER: ( 76561198092065367 ) R Alpha 1-3:1 ([Turtle] Setha) REMOTE PURCHASED ITEM Exile_Item_Beer FOR 50 POPTABS | PLAYER TOTAL MONEY: 9.90101e+006
[00:43:21:705119 --5:00] [Thread 3212] PLAYER: ( 76561198092065367 ) R Alpha 1-3:1 ([Turtle] Setha) REMOTE PURCHASED ITEM Exile_Item_Beer FOR 50 POPTABS | PLAYER TOTAL MONEY: 9.90096e+006
[00:43:31:391125 --5:00] [Thread 3436] PLAYER: ( 76561198092065367 ) R Alpha 1-3:1 ([Turtle] Setha) REMOTE PURCHASED ITEM Exile_Item_Noodles FOR 14 POPTABS | PLAYER TOTAL MONEY: 9.90095e+006
[00:43:31:760292 --5:00] [Thread 3212] PLAYER: ( 76561198092065367 ) R Alpha 1-3:1 ([Turtle] Setha) REMOTE PURCHASED ITEM Exile_Item_Noodles FOR 14 POPTABS | PLAYER TOTAL MONEY: 9.90093e+006
[00:43:32:135262 --5:00] [Thread 3436] PLAYER: ( 76561198092065367 ) R Alpha 1-3:1 ([Turtle] Setha) REMOTE PURCHASED ITEM Exile_Item_Noodles FOR 14 POPTABS | PLAYER TOTAL MONEY: 9.90092e+006
[00:43:32:504600 --5:00] [Thread 3212] PLAYER: ( 76561198092065367 ) R Alpha 1-3:1 ([Turtle] Setha) REMOTE PURCHASED ITEM Exile_Item_Noodles FOR 14 POPTABS | PLAYER TOTAL MONEY: 9.9009e+006
[00:43:32:874619 --5:00] [Thread 3436] PLAYER: ( 76561198092065367 ) R Alpha 1-3:1 ([Turtle] Setha) REMOTE PURCHASED ITEM Exile_Item_Noodles FOR 14 POPTABS | PLAYER TOTAL MONEY: 9.90089e+006
[00:43:33:222288 --5:00] [Thread 3212] PLAYER: ( 76561198092065367 ) R Alpha 1-3:1 ([Turtle] Setha) REMOTE PURCHASED ITEM Exile_Item_Noodles FOR 14 POPTABS | PLAYER TOTAL MONEY: 9.90088e+006
[00:43:37:324064 --5:00] [Thread 3436] PLAYER: ( 76561198092065367 ) R Alpha 1-3:1 ([Turtle] Setha) REMOTE PURCHASED ITEM Exile_Item_Beer FOR 50 POPTABS | PLAYER TOTAL MONEY: 9.90083e+006
[00:43:37:826964 --5:00] [Thread 3212] PLAYER: ( 76561198092065367 ) R Alpha 1-3:1 ([Turtle] Setha) REMOTE PURCHASED ITEM Exile_Item_Beer FOR 50 POPTABS | PLAYER TOTAL MONEY: 9.90078e+006
[00:43:38:175636 --5:00] [Thread 3436] PLAYER: ( 76561198092065367 ) R Alpha 1-3:1 ([Turtle] Setha) REMOTE PURCHASED ITEM Exile_Item_Beer FOR 50 POPTABS | PLAYER TOTAL MONEY: 9.90073e+006
[00:43:38:547827 --5:00] [Thread 3212] PLAYER: ( 76561198092065367 ) R Alpha 1-3:1 ([Turtle] Setha) REMOTE PURCHASED ITEM Exile_Item_Beer FOR 50 POPTABS | PLAYER TOTAL MONEY: 9.90068e+006
[01:25:45:613067 --5:00] [Thread 3276] PLAYER: ( 76561198092065367 ) R asarfear:2 ([Turtle] Setha) REMOTE PURCHASED VEHICLE Exile_Chopper_Hummingbird_Civillian_Wasp FOR 17000 POPTABS | PLAYER TOTAL MONEY: 9.88368e+006
[02:16:00:387471 --5:00] [Thread 6052] PLAYER: ( 76561198092065367 ) R Alpha 1-3:1 ([Turtle] Setha) REMOTE PURCHASED VEHICLE Exile_Chopper_Hummingbird_Civillian_Wasp FOR 17000 POPTABS | PLAYER TOTAL MONEY: 9.983e+006
[02:32:49:702743 --5:00] [Thread 4056] PLAYER: ( 76561198065499194 ) R Alpha 1-2:1 ([Turtle] Agony) REMOTE PURCHASED VEHICLE Exile_Chopper_Hummingbird_Civillian_Wasp FOR 17000 POPTABS | PLAYER TOTAL MONEY: 9.983e+006
[04:03:08:616694 --5:00] [Thread 12196] PLAYER: ( 76561198092065367 ) R Alpha 1-2:1 ([Turtle] Setha) REMOTE PURCHASED ITEM H_Bandanna_camo FOR 4 POPTABS | PLAYER TOTAL MONEY: 9.8878e+006
[04:03:45:080377 --5:00] [Thread 12196] PLAYER: ( 76561198092065367 ) R Alpha 1-2:1 ([Turtle] Setha) REMOTE PURCHASED ITEM V_Chestrig_rgr FOR 30 POPTABS | PLAYER TOTAL MONEY: 9.88777e+006
[04:03:54:274298 --5:00] [Thread 11124] PLAYER: ( 76561198092065367 ) R Alpha 1-2:1 ([Turtle] Setha) REMOTE PURCHASED ITEM B_AssaultPack_tna_F FOR 90 POPTABS | PLAYER TOTAL MONEY: 9.88768e+006
[04:04:36:532193 --5:00] [Thread 12196] PLAYER: ( 76561198092065367 ) R Alpha 1-2:1 ([Turtle] Setha) REMOTE PURCHASED ITEM U_I_C_Soldier_Bandit_4_F FOR 15 POPTABS | PLAYER TOTAL MONEY: 9.83766e+006
[04:06:32:896639 --5:00] [Thread 11124] PLAYER: ( 76561198092065367 ) R Alpha 1-2:1 ([Turtle] Setha) REMOTE PURCHASED ITEM Exile_Item_Noodles FOR 14 POPTABS | PLAYER TOTAL MONEY: 9.83765e+006
[04:06:33:375267 --5:00] [Thread 12196] PLAYER: ( 76561198092065367 ) R Alpha 1-2:1 ([Turtle] Setha) REMOTE PURCHASED ITEM Exile_Item_Noodles FOR 14 POPTABS | PLAYER TOTAL MONEY: 9.83763e+006
[04:06:33:721897 --5:00] [Thread 9340] PLAYER: ( 76561198092065367 ) R Alpha 1-2:1 ([Turtle] Setha) REMOTE PURCHASED ITEM Exile_Item_Noodles FOR 14 POPTABS | PLAYER TOTAL MONEY: 9.83762e+006
[04:06:34:091097 --5:00] [Thread 4552] PLAYER: ( 76561198092065367 ) R Alpha 1-2:1 ([Turtle] Setha) REMOTE PURCHASED ITEM Exile_Item_Noodles FOR 14 POPTABS | PLAYER TOTAL MONEY: 9.83761e+006
[04:06:34:435790 --5:00] [Thread 7544] PLAYER: ( 76561198092065367 ) R Alpha 1-2:1 ([Turtle] Setha) REMOTE PURCHASED ITEM Exile_Item_Noodles FOR 14 POPTABS | PLAYER TOTAL MONEY: 9.83759e+006
[04:06:34:782516 --5:00] [Thread 4552] PLAYER: ( 76561198092065367 ) R Alpha 1-2:1 ([Turtle] Setha) REMOTE PURCHASED ITEM Exile_Item_Noodles FOR 14 POPTABS | PLAYER TOTAL MONEY: 9.83758e+006
[04:06:35:127271 --5:00] [Thread 7544] PLAYER: ( 76561198092065367 ) R Alpha 1-2:1 ([Turtle] Setha) REMOTE PURCHASED ITEM Exile_Item_Noodles FOR 14 POPTABS | PLAYER TOTAL MONEY: 9.83756e+006
[04:06:35:536428 --5:00] [Thread 4552] PLAYER: ( 76561198092065367 ) R Alpha 1-2:1 ([Turtle] Setha) REMOTE PURCHASED ITEM Exile_Item_Noodles FOR 14 POPTABS | PLAYER TOTAL MONEY: 9.83755e+006
[04:06:35:881190 --5:00] [Thread 7544] PLAYER: ( 76561198092065367 ) R Alpha 1-2:1 ([Turtle] Setha) REMOTE PURCHASED ITEM Exile_Item_Noodles FOR 14 POPTABS | PLAYER TOTAL MONEY: 9.83754e+006
[04:06:45:119897 --5:00] [Thread 4552] PLAYER: ( 76561198092065367 ) R Alpha 1-2:1 ([Turtle] Setha) REMOTE PURCHASED ITEM Exile_Item_EnergyDrink FOR 40 POPTABS | PLAYER TOTAL MONEY: 9.8375e+006
[04:06:45:485122 --5:00] [Thread 12196] PLAYER: ( 76561198092065367 ) R Alpha 1-2:1 ([Turtle] Setha) REMOTE PURCHASED ITEM Exile_Item_EnergyDrink FOR 40 POPTABS | PLAYER TOTAL MONEY: 9.83746e+006
[04:06:45:852443 --5:00] [Thread 7544] PLAYER: ( 76561198092065367 ) R Alpha 1-2:1 ([Turtle] Setha) REMOTE PURCHASED ITEM Exile_Item_EnergyDrink FOR 40 POPTABS | PLAYER TOTAL MONEY: 9.83742e+006
[04:06:46:178679 --5:00] [Thread 12196] PLAYER: ( 76561198092065367 ) R Alpha 1-2:1 ([Turtle] Setha) REMOTE PURCHASED ITEM Exile_Item_EnergyDrink FOR 40 POPTABS | PLAYER TOTAL MONEY: 9.83738e+006
[04:06:46:569187 --5:00] [Thread 9340] PLAYER: ( 76561198092065367 ) R Alpha 1-2:1 ([Turtle] Setha) REMOTE PURCHASED ITEM Exile_Item_EnergyDrink FOR 40 POPTABS | PLAYER TOTAL MONEY: 9.83734e+006
[04:06:46:937382 --5:00] [Thread 12196] PLAYER: ( 76561198092065367 ) R Alpha 1-2:1 ([Turtle] Setha) REMOTE PURCHASED ITEM Exile_Item_EnergyDrink FOR 40 POPTABS | PLAYER TOTAL MONEY: 9.8373e+006
[04:06:47:326080 --5:00] [Thread 4552] PLAYER: ( 76561198092065367 ) R Alpha 1-2:1 ([Turtle] Setha) REMOTE PURCHASED ITEM Exile_Item_EnergyDrink FOR 40 POPTABS | PLAYER TOTAL MONEY: 9.83726e+006
[04:06:47:759669 --5:00] [Thread 12196] PLAYER: ( 76561198092065367 ) R Alpha 1-2:1 ([Turtle] Setha) REMOTE PURCHASED ITEM Exile_Item_EnergyDrink FOR 40 POPTABS | PLAYER TOTAL MONEY: 9.83722e+006
[04:06:48:171925 --5:00] [Thread 4552] PLAYER: ( 76561198092065367 ) R Alpha 1-2:1 ([Turtle] Setha) REMOTE PURCHASED ITEM Exile_Item_EnergyDrink FOR 40 POPTABS | PLAYER TOTAL MONEY: 9.83718e+006
[04:06:49:060520 --5:00] [Thread 12196] PLAYER: ( 76561198092065367 ) R Alpha 1-2:1 ([Turtle] Setha) REMOTE PURCHASED ITEM Exile_Item_EnergyDrink FOR 40 POPTABS | PLAYER TOTAL MONEY: 9.83714e+006
[14:51:01:283920 --5:00] [Thread 13696] PLAYER: ( 76561198065499194 ) R Alpha 1-2:1 ([Turtle] Agony) REMOTE PURCHASED ITEM U_NikosAgedBody FOR 40 POPTABS | PLAYER TOTAL MONEY: 104960
[14:51:11:658505 --5:00] [Thread 5704] PLAYER: ( 76561198065499194 ) R Alpha 1-2:1 ([Turtle] Agony) REMOTE PURCHASED ITEM Exile_Headgear_SantaHat FOR 10 POPTABS | PLAYER TOTAL MONEY: 104950
[14:51:53:572926 --5:00] [Thread 11200] PLAYER: ( 76561198065499194 ) R Alpha 1-2:1 ([Turtle] Agony) REMOTE PURCHASED VEHICLE Exile_Car_Golf_Red FOR 8000 POPTABS | PLAYER TOTAL MONEY: 96950
[15:26:54:875147 --5:00] [Thread 4176] PLAYER: ( 76561198092065367 ) R Alpha 1-5:1 ([Turtle] Setha) REMOTE PURCHASED VEHICLE Exile_Chopper_Hummingbird_Civillian_Wasp FOR 17000 POPTABS | PLAYER TOTAL MONEY: 983000
[16:08:34:902203 --5:00] [Thread 9964] PLAYER: ( 76561198092065367 ) R Alpha 1-3:1 ([Turtle] Setha) REMOTE PURCHASED VEHICLE Exile_Car_Golf_Red FOR 8000 POPTABS | PLAYER TOTAL MONEY: 492000
