[18:25:57:780505 --5:00] [Thread 4100] Ronduth commited suicide!
[22:48:29:095263 --5:00] [Thread 12020] [Turtle] Agony commited suicide!
[23:41:04:124401 --5:00] [Thread 11344] [Turtle] Agony commited suicide!
[23:54:33:584410 --5:00] [Thread 10180] [Turtle] Agony commited suicide!
[00:00:26:677805 --5:00] [Thread 12868] [Turtle] Agony died a mysterious death.
[00:50:47:272209 --5:00] [Thread 3436] [Turtle] Setha was killed by an NPC!
[00:52:34:764378 --5:00] [Thread 11320] [Turtle] Setha commited suicide!
[00:56:24:294379 --5:00] [Thread 3436] [Turtle] Setha was killed by an NPC!
[00:59:32:440271 --5:00] [Thread 2820] [Turtle] Setha commited suicide!
[01:10:14:200999 --5:00] [Thread 2820] [Turtle] Agony commited suicide!
[01:29:54:296926 --5:00] [Thread 3276] [Turtle] Setha commited suicide!
[01:30:36:264435 --5:00] [Thread 13600] [Turtle] Agony died and nobody knows why.
[02:17:12:262587 --5:00] [Thread 6052] [Turtle] Setha commited suicide!
[02:34:35:501040 --5:00] [Thread 2732] [Turtle] Setha commited suicide!
[03:02:49:717607 --5:00] [Thread 13020] [Turtle] Agony commited suicide!
[04:10:10:240468 --5:00] [Thread 4552] [Turtle] Setha was killed by an NPC!
[04:18:08:623340 --5:00] [Thread 11124] [Turtle] Setha was killed by an NPC!
[11:35:55:736037 --5:00] [Thread 13384] [Turtle] Setha was killed by an NPC!
[11:47:35:672937 --5:00] [Thread 13384] [Turtle] Setha commited suicide!
[14:57:33:387872 --5:00] [Thread 11200] [UGA] Alien8r was team-killed by [Turtle] Agony!
[14:59:14:126306 --5:00] [Thread 5704] [UGA] Alien8r was killed by [Turtle] Agony! (First Blood, 607m Range)
[15:09:25:478620 --5:00] [Thread 12396] [UGA] Alien8r was killed by [Turtle] Agony! (First Blood, 296m Range)
[15:36:40:064713 --5:00] [Thread 9364] [UGA] Alien8r was killed by [Turtle] Agony! (First Blood)
[15:57:51:843991 --5:00] [Thread 12152] [Turtle] Setha was killed by [Turtle] Agony! (First Blood)
[16:19:32:989489 --5:00] [Thread 8788] [Turtle] Setha was killed by [Turtle] Agony! (First Blood)
[16:36:25:127586 --5:00] [Thread 13024] [Turtle] Setha was killed by [Turtle] Agony! (Domination)
