[18:07:30:649421 --5:00] [Thread 3752] [Turtle] Setha was killed by [Turtle] Agony! (BAMBI SLAYER)
[18:08:43:850468 --5:00] [Thread 6252] [Turtle] Setha was killed by [Turtle] Agony! (First Blood)
[18:11:40:638010 --5:00] [Thread 11484] [Turtle] Setha commited suicide!
[18:11:43:410839 --5:00] [Thread 6252] [Turtle] Agony was killed by [Turtle] Setha! (Big Bird)
[18:19:44:997067 --5:00] [Thread 14008] [Turtle] Setha was killed by [Turtle] Agony! (First Blood)
[18:25:54:237653 --5:00] [Thread 2324] [Turtle] Setha was killed by [Turtle] Agony! (First Blood)
[18:43:54:368844 --5:00] [Thread 12048] [Turtle] Agony was killed by [Turtle] Setha! (First Blood)
[19:02:21:108524 --5:00] [Thread 12220] [Turtle] Agony was killed by [Turtle] Setha! (Domination, Road Kill)
[19:22:39:583409 --5:00] [Thread 8164] [Turtle] Agony was killed by [Turtle] Setha! (First Blood)
[19:43:08:132182 --5:00] [Thread 12012] [Turtle] Agony was killed by [Turtle] Setha! (First Blood, 1x Kill Streak)
[21:13:44:208766 --5:00] [Thread 3136] [Turtle] Agony commited suicide!
[21:44:27:826796 --5:00] [Thread 4384] [Turtle] Setha commited suicide!
[21:49:27:009107 --5:00] [Thread 13948] [Turtle] Agony commited suicide!
[22:36:09:759763 --5:00] [Thread 11332] [Turtle] Setha commited suicide!
[23:24:52:995113 --5:00] [Thread 11504] [Turtle] Agony commited suicide!
[23:38:26:408597 --5:00] [Thread 1056] [Turtle] Agony commited suicide!
[23:42:06:079535 --5:00] [Thread 1056] [Turtle] Setha was killed by [Turtle] Agony! (First Blood)
[00:13:48:025772 --5:00] [Thread 8340] [Turtle] Agony was killed by [Turtle] Setha! (First Blood)
[00:24:09:263702 --5:00] [Thread 7576] [Turtle] Setha was killed by an NPC!
[00:25:00:582573 --5:00] [Thread 3972] [Turtle] Setha commited suicide!
[00:51:24:837762 --5:00] [Thread 11392] [Turtle] Setha commited suicide!
[00:51:59:421452 --5:00] [Thread 1908] [Turtle] Setha was killed by [Turtle] Agony! (BAMBI SLAYER)
[01:13:07:354898 --5:00] [Thread 6300] [Turtle] Agony commited suicide!
[01:18:48:027960 --5:00] [Thread 5372] [Turtle] Setha was killed by [Turtle] Agony! (First Blood)
[01:29:48:927002 --5:00] [Thread 5532] [Turtle] Setha was killed by [Turtle] Agony! (First Blood)
[01:31:39:892915 --5:00] [Thread 15272] [Turtle] Agony was killed by [Turtle] Setha!
[02:27:16:105760 --5:00] [Thread 14972] [Turtle] Setha commited suicide!
[02:55:50:016500 --5:00] [Thread 9224] [Turtle] Setha was killed by [Turtle] Agony! (BAMBI SLAYER)
[13:04:10:433440 --5:00] [Thread 16100] h0nkX commited suicide!
