[18:34:46:313973 --5:00] [Thread 8292] PLAYER: ( 76561198092065367 ) R Alpha 1-5:1 ([Turtle] Setha) REMOTE PURCHASED VEHICLE Exile_Chopper_Hummingbird_Civillian_Wasp FOR 17000 POPTABS | PLAYER TOTAL MONEY: 83000
[18:40:09:269831 --5:00] [Thread 12048] PLAYER: ( 76561198092065367 ) R Alpha 1-2:1 ([Turtle] Setha) REMOTE PURCHASED ITEM SMG_01_F FOR 150 POPTABS | PLAYER TOTAL MONEY: 82850
[18:40:23:736276 --5:00] [Thread 12220] PLAYER: ( 76561198092065367 ) R Alpha 1-2:1 ([Turtle] Setha) REMOTE PURCHASED ITEM B_OutdoorPack_tan FOR 80 POPTABS | PLAYER TOTAL MONEY: 82770
[18:40:52:547269 --5:00] [Thread 12048] PLAYER: ( 76561198092065367 ) R Alpha 1-2:1 ([Turtle] Setha) REMOTE PURCHASED ITEM 30Rnd_45ACP_Mag_SMG_01_Tracer_Yellow FOR 10 POPTABS | PLAYER TOTAL MONEY: 82760
[18:40:54:835607 --5:00] [Thread 12220] PLAYER: ( 76561198092065367 ) R Alpha 1-2:1 ([Turtle] Setha) REMOTE PURCHASED ITEM 30Rnd_45ACP_Mag_SMG_01_Tracer_Yellow FOR 10 POPTABS | PLAYER TOTAL MONEY: 82750
[18:40:56:243887 --5:00] [Thread 14276] PLAYER: ( 76561198092065367 ) R Alpha 1-2:1 ([Turtle] Setha) REMOTE PURCHASED ITEM 30Rnd_45ACP_Mag_SMG_01_Tracer_Yellow FOR 10 POPTABS | PLAYER TOTAL MONEY: 82740
[18:40:57:371783 --5:00] [Thread 8260] PLAYER: ( 76561198092065367 ) R Alpha 1-2:1 ([Turtle] Setha) REMOTE PURCHASED ITEM 30Rnd_45ACP_Mag_SMG_01_Tracer_Yellow FOR 10 POPTABS | PLAYER TOTAL MONEY: 82730
[18:41:21:095547 --5:00] [Thread 1292] PLAYER: ( 76561198092065367 ) R Alpha 1-2:1 ([Turtle] Setha) REMOTE PURCHASED ITEM optic_Holosight_khk_F FOR 50 POPTABS | PLAYER TOTAL MONEY: 82680
[18:56:23:218819 --5:00] [Thread 8260] PLAYER: ( 76561198065499194 ) R Alpha 1-3:1 ([Turtle] Agony) REMOTE PURCHASED ITEM muzzle_snds_acp FOR 10 POPTABS | PLAYER TOTAL MONEY: 99990
[18:56:40:564365 --5:00] [Thread 9356] PLAYER: ( 76561198065499194 ) R Alpha 1-3:1 ([Turtle] Agony) REMOTE PURCHASED ITEM V_PlateCarrier1_blk FOR 80 POPTABS | PLAYER TOTAL MONEY: 99910
[18:57:01:143541 --5:00] [Thread 8260] PLAYER: ( 76561198065499194 ) R Alpha 1-3:1 ([Turtle] Agony) REMOTE PURCHASED ITEM B_AssaultPack_tna_F FOR 90 POPTABS | PLAYER TOTAL MONEY: 99820
[18:57:12:730991 --5:00] [Thread 9356] PLAYER: ( 76561198065499194 ) R Alpha 1-3:1 ([Turtle] Agony) REMOTE PURCHASED ITEM SMG_01_F FOR 150 POPTABS | PLAYER TOTAL MONEY: 99670
[18:57:17:311313 --5:00] [Thread 8260] PLAYER: ( 76561198065499194 ) R Alpha 1-3:1 ([Turtle] Agony) REMOTE PURCHASED ITEM optic_Aco FOR 70 POPTABS | PLAYER TOTAL MONEY: 99600
[18:57:52:316976 --5:00] [Thread 9356] PLAYER: ( 76561198065499194 ) R Alpha 1-3:1 ([Turtle] Agony) REMOTE PURCHASED ITEM 30Rnd_45ACP_Mag_SMG_01 FOR 10 POPTABS | PLAYER TOTAL MONEY: 99590
[18:57:53:396098 --5:00] [Thread 8260] PLAYER: ( 76561198065499194 ) R Alpha 1-3:1 ([Turtle] Agony) REMOTE PURCHASED ITEM 30Rnd_45ACP_Mag_SMG_01 FOR 10 POPTABS | PLAYER TOTAL MONEY: 99580
[18:57:53:912846 --5:00] [Thread 9356] PLAYER: ( 76561198065499194 ) R Alpha 1-3:1 ([Turtle] Agony) REMOTE PURCHASED ITEM 30Rnd_45ACP_Mag_SMG_01 FOR 10 POPTABS | PLAYER TOTAL MONEY: 99570
[18:57:56:356352 --5:00] [Thread 8260] PLAYER: ( 76561198065499194 ) R Alpha 1-3:1 ([Turtle] Agony) REMOTE PURCHASED ITEM 30Rnd_45ACP_Mag_SMG_01 FOR 10 POPTABS | PLAYER TOTAL MONEY: 99560
[18:57:57:974461 --5:00] [Thread 9356] PLAYER: ( 76561198065499194 ) R Alpha 1-3:1 ([Turtle] Agony) REMOTE PURCHASED ITEM 30Rnd_45ACP_Mag_SMG_01 FOR 10 POPTABS | PLAYER TOTAL MONEY: 99550
[18:58:15:154863 --5:00] [Thread 14276] PLAYER: ( 76561198092065367 ) R Alpha 1-2:1 ([Turtle] Setha) REMOTE PURCHASED VEHICLE Exile_Car_Kart_Black FOR 1100 POPTABS | PLAYER TOTAL MONEY: 31580
[19:20:22:436482 --5:00] [Thread 8632] PLAYER: ( 76561198092065367 ) R Alpha 1-3:1 ([Turtle] Setha) REMOTE PURCHASED VEHICLE Exile_Chopper_Hummingbird_Civillian_Wasp FOR 17000 POPTABS | PLAYER TOTAL MONEY: 14580
[21:57:32:945989 --5:00] [Thread 1468] PLAYER: ( 76561198092065367 ) R Alpha 1-4:1 ([Turtle] Setha) REMOTE PURCHASED ITEM Exile_Item_FuelCanisterEmpty FOR 40 POPTABS | PLAYER TOTAL MONEY: 14540
[22:23:02:516416 --5:00] [Thread 8340] PLAYER: ( 76561198092065367 ) R Alpha 1-3:1 ([Turtle] Setha) REMOTE PURCHASED VEHICLE Exile_Plane_Cessna FOR 16500 POPTABS | PLAYER TOTAL MONEY: 98040
[23:51:44:177165 --5:00] [Thread 9380] PLAYER: ( 76561198092065367 ) R Alpha 1-4:1 ([Turtle] Setha) REMOTE PURCHASED ITEM H_Bandanna_camo FOR 4 POPTABS | PLAYER TOTAL MONEY: 999996
[23:52:09:324940 --5:00] [Thread 8444] PLAYER: ( 76561198092065367 ) R Alpha 1-4:1 ([Turtle] Setha) REMOTE PURCHASED ITEM V_PlateCarrier1_blk FOR 80 POPTABS | PLAYER TOTAL MONEY: 999916
[01:03:52:770916 --5:00] [Thread 6300] PLAYER: ( 76561198092065367 ) R Alpha 1-1:1 ([Turtle] Setha) REMOTE PURCHASED VEHICLE Exile_Chopper_Hummingbird_Civillian_Wasp FOR 17000 POPTABS | PLAYER TOTAL MONEY: 83000
[01:06:18:229397 --5:00] [Thread 6300] PLAYER: ( 76561198092065367 ) R Alpha 1-1:1 ([Turtle] Setha) REMOTE PURCHASED VEHICLE Exile_Car_Golf_Red FOR 8000 POPTABS | PLAYER TOTAL MONEY: 75000
[01:07:10:081848 --5:00] [Thread 6300] PLAYER: ( 76561198092065367 ) R Alpha 1-1:1 ([Turtle] Setha) REMOTE PURCHASED VEHICLE Exile_Car_Golf_Red FOR 8000 POPTABS | PLAYER TOTAL MONEY: 67000
[01:07:33:403093 --5:00] [Thread 6300] PLAYER: ( 76561198092065367 ) R Alpha 1-1:1 ([Turtle] Setha) REMOTE PURCHASED VEHICLE Exile_Car_Golf_Red FOR 8000 POPTABS | PLAYER TOTAL MONEY: 59000
[01:08:02:479958 --5:00] [Thread 6300] PLAYER: ( 76561198092065367 ) R Alpha 1-1:1 ([Turtle] Setha) REMOTE PURCHASED VEHICLE Exile_Car_Golf_Red FOR 8000 POPTABS | PLAYER TOTAL MONEY: 51000
[01:08:40:031119 --5:00] [Thread 6300] PLAYER: ( 76561198092065367 ) R Alpha 1-1:1 ([Turtle] Setha) REMOTE PURCHASED VEHICLE Exile_Car_Tractor_Red FOR 2000 POPTABS | PLAYER TOTAL MONEY: 49000
[01:47:59:679862 --5:00] [Thread 12304] PLAYER: ( 76561198092065367 ) R Alpha 1-3:1 ([Turtle] Setha) REMOTE PURCHASED ITEM Exile_Item_CodeLock FOR 5000 POPTABS | PLAYER TOTAL MONEY: 44000
[01:48:01:195624 --5:00] [Thread 14456] PLAYER: ( 76561198092065367 ) R Alpha 1-3:1 ([Turtle] Setha) REMOTE PURCHASED ITEM Exile_Item_CodeLock FOR 5000 POPTABS | PLAYER TOTAL MONEY: 39000
[01:48:02:868904 --5:00] [Thread 12304] PLAYER: ( 76561198092065367 ) R Alpha 1-3:1 ([Turtle] Setha) REMOTE PURCHASED ITEM Exile_Item_CodeLock FOR 5000 POPTABS | PLAYER TOTAL MONEY: 34000
[02:19:19:258485 --5:00] [Thread 10956] PLAYER: ( 76561198092065367 ) R Alpha 1-3:1 ([Turtle] Setha) REMOTE PURCHASED VEHICLE Exile_Car_TowTractor_White FOR 1800 POPTABS | PLAYER TOTAL MONEY: 32200
[02:44:46:372046 --5:00] [Thread 4604] PLAYER: ( 76561198065499194 ) R Alpha 1-2:1 ([Turtle] Agony) REMOTE PURCHASED ITEM arifle_Mk20C_plain_F FOR 150 POPTABS | PLAYER TOTAL MONEY: 479850
[02:45:08:180698 --5:00] [Thread 15128] PLAYER: ( 76561198065499194 ) R Alpha 1-2:1 ([Turtle] Agony) REMOTE PURCHASED ITEM 30Rnd_556x45_Stanag FOR 20 POPTABS | PLAYER TOTAL MONEY: 479830
[02:45:09:628009 --5:00] [Thread 15128] PLAYER: ( 76561198065499194 ) R Alpha 1-2:1 ([Turtle] Agony) REMOTE PURCHASED ITEM 30Rnd_556x45_Stanag FOR 20 POPTABS | PLAYER TOTAL MONEY: 479810
[02:45:11:222815 --5:00] [Thread 4604] PLAYER: ( 76561198065499194 ) R Alpha 1-2:1 ([Turtle] Agony) REMOTE PURCHASED ITEM 30Rnd_556x45_Stanag FOR 20 POPTABS | PLAYER TOTAL MONEY: 479790
[02:45:12:387871 --5:00] [Thread 15128] PLAYER: ( 76561198065499194 ) R Alpha 1-2:1 ([Turtle] Agony) REMOTE PURCHASED ITEM 30Rnd_556x45_Stanag FOR 20 POPTABS | PLAYER TOTAL MONEY: 479770
[02:45:13:465139 --5:00] [Thread 4604] PLAYER: ( 76561198065499194 ) R Alpha 1-2:1 ([Turtle] Agony) REMOTE PURCHASED ITEM 30Rnd_556x45_Stanag FOR 20 POPTABS | PLAYER TOTAL MONEY: 479750
[02:45:14:544255 --5:00] [Thread 15128] PLAYER: ( 76561198065499194 ) R Alpha 1-2:1 ([Turtle] Agony) REMOTE PURCHASED ITEM 30Rnd_556x45_Stanag FOR 20 POPTABS | PLAYER TOTAL MONEY: 479730
[02:45:15:364613 --5:00] [Thread 4604] PLAYER: ( 76561198065499194 ) R Alpha 1-2:1 ([Turtle] Agony) REMOTE PURCHASED ITEM 30Rnd_556x45_Stanag FOR 20 POPTABS | PLAYER TOTAL MONEY: 479710
